Project Information     c:\documents and settings\oxf8548\desktop\tst\blah.rpt

MAX+plus II Compiler Report File
Version 10.2 07/10/2002
Compiled: 02/18/2005 19:47:35

Copyright (C) 1988-2002 Altera Corporation
Any megafunction design, and related net list (encrypted or decrypted),
support information, device programming or simulation file, and any other
associated documentation or information provided by Altera or a partner
under Altera's Megafunction Partnership Program may be used only to
program PLD devices (but not masked PLD devices) from Altera.  Any other
use of such megafunction design, net list, support information, device
programming or simulation file, or any other related documentation or
information is prohibited for any other purpose, including, but not
limited to modification, reverse engineering, de-compiling, or use with
any other silicon devices, unless such use is explicitly licensed under
a separate agreement with Altera or a megafunction partner.  Title to
the intellectual property, including patents, copyrights, trademarks,
trade secrets, or maskworks, embodied in any such megafunction design,
net list, support information, device programming or simulation file, or
any other related documentation or information provided by Altera or a
megafunction partner, remains with Altera, the megafunction partner, or
their respective licensors.  No other licenses, including any licenses
needed under any third party's intellectual property, are provided herein.



***** Project compilation was successful




** DEVICE SUMMARY **

Chip/                     Input Output Bidir  Memory  Memory  			 LCs
POF       Device          Pins  Pins   Pins   Bits % Utilized  LCs  % Utilized

blah      EPF10K70RC240-4  16     14     0    0         0  %    72       1  %

User Pins:                 16     14     0  



Project Information     c:\documents and settings\oxf8548\desktop\tst\blah.rpt

** PIN/LOCATION/CHIP ASSIGNMENTS **

                  Actual                  
    User       Assignments                
Assignments   (if different)     Node Name

blah@41                           a0
blah@40                           a1
blah@39                           a2
blah@38                           a3
blah@36                           b0
blah@35                           b1
blah@34                           b2
blah@33                           b3
blah@13                           output10
blah@12                           output11
blah@11                           output12
blah@9                            output13
blah@8                            output14
blah@7                            output15
blah@6                            output16
blah@24                           output20
blah@23                           output21
blah@21                           output22
blah@20                           output23
blah@19                           output24
blah@18                           output25
blah@17                           output26


Project Information     c:\documents and settings\oxf8548\desktop\tst\blah.rpt

** FILE HIERARCHY **



|bit_and:1|
|k7seg:6|
|k7seg:7|
|7bitinv:11|
|7bitinv:11|lpm_inv:lpm_inv_component|
|7bitinv:12|
|7bitinv:12|lpm_inv:lpm_inv_component|


Device-Specific Information:c:\documents and settings\oxf8548\desktop\tst\blah.rpt
blah

***** Logic for device 'blah' compiled without errors.




Device: EPF10K70RC240-4

FLEX 10K Configuration Scheme: Passive Serial

Device Options:
    User-Supplied Start-Up Clock               = OFF
    Auto-Restart Configuration on Frame Error  = OFF
    Release Clears Before Tri-States           = OFF
    Enable Chip_Wide Reset                     = OFF
    Enable Chip-Wide Output Enable             = OFF
    Enable INIT_DONE Output                    = OFF
    JTAG User Code                             = 7f

                                                                                                                                         
                                                                                                                                         
                R R R R R R R R   R R R R R R R   R R R R R R R   R R R       R R R R   R R R R R R R   R R R R R R R   R R R R R R R R  
                E E E E E E E E   E E E E E E E   E E E E E E E   E E E       E E E E   E E E E E E E   E E E E E E E   E E E E E E E E  
                S S S S S S S S G S S S S S S S V S S S S S S S G S S S       S S S S V S S S S S S S G S S S S S S S V S S S S S S S S  
                E E E E E E E E N E E E E E E E C E E E E E E E N E E E       E E E E C E E E E E E E N E E E E E E E C E E E E E E E E  
                R R R R R R R R D R R R R R R R C R R R R R R R D R R R       R R R R C R R R R R R R D R R R R R R R C R R R R R R R R  
                V V V V V V V V I V V V V V V V I V V V V V V V I V V V       V V V V I V V V V V V V I V V V V V V V I V V V V V V V V  
                E E E E E E E E N E E E E E E E N E E E E E E E N E E E a b b E E E E N E E E E E E E N E E E E E E E N E E E E E E E E  
                D D D D D D D D T D D D D D D D T D D D D D D D T D D D 7 4 7 D D D D T D D D D D D D T D D D D D D D T D D D D D D D D  
              --------------------------------------------------------------------------------------------------------------------------_ 
             / 240 238 236 234 232 230 228 226 224 222 220 218 216 214 212 210 208 206 204 202 200 198 196 194 192 190 188 186 184 182   |_ 
            /    239 237 235 233 231 229 227 225 223 221 219 217 215 213 211 209 207 205 203 201 199 197 195 193 191 189 187 185 183 181    | 
      #TCK |  1                                                                                                                         180 | ^DATA0 
^CONF_DONE |  2                                                                                                                         179 | ^DCLK 
     ^nCEO |  3                                                                                                                         178 | ^nCE 
      #TDO |  4                                                                                                                         177 | #TDI 
    VCCINT |  5                                                                                                                         176 | GNDINT 
  output16 |  6                                                                                                                         175 | RESERVED 
  output15 |  7                                                                                                                         174 | RESERVED 
  output14 |  8                                                                                                                         173 | b5 
  output13 |  9                                                                                                                         172 | RESERVED 
    GNDINT | 10                                                                                                                         171 | a5 
  output12 | 11                                                                                                                         170 | VCCINT 
  output11 | 12                                                                                                                         169 | RESERVED 
  output10 | 13                                                                                                                         168 | RESERVED 
  RESERVED | 14                                                                                                                         167 | RESERVED 
  RESERVED | 15                                                                                                                         166 | RESERVED 
    VCCINT | 16                                                                                                                         165 | GNDINT 
  output26 | 17                                                                                                                         164 | RESERVED 
  output25 | 18                                                                                                                         163 | RESERVED 
  output24 | 19                                                                                                                         162 | RESERVED 
  output23 | 20                                                                                                                         161 | RESERVED 
  output22 | 21                                                                                                                         160 | VCCINT 
    GNDINT | 22                                                                                                                         159 | RESERVED 
  output21 | 23                                                                                                                         158 | RESERVED 
  output20 | 24                                                                                                                         157 | RESERVED 
  RESERVED | 25                                                                                                                         156 | RESERVED 
  RESERVED | 26                                                                                                                         155 | GNDINT 
    VCCINT | 27                                                                                                                         154 | RESERVED 
  RESERVED | 28                                                                                                                         153 | RESERVED 
  RESERVED | 29                                                                                                                         152 | RESERVED 
  RESERVED | 30                                                                                                                         151 | RESERVED 
  RESERVED | 31                                                     EPF10K70RC240-4                                                     150 | VCCINT 
    GNDINT | 32                                                                                                                         149 | RESERVED 
        b3 | 33                                                                                                                         148 | RESERVED 
        b2 | 34                                                                                                                         147 | RESERVED 
        b1 | 35                                                                                                                         146 | RESERVED 
        b0 | 36                                                                                                                         145 | GNDINT 
    VCCINT | 37                                                                                                                         144 | RESERVED 
        a3 | 38                                                                                                                         143 | RESERVED 
        a2 | 39                                                                                                                         142 | RESERVED 
        a1 | 40                                                                                                                         141 | RESERVED 
        a0 | 41                                                                                                                         140 | VCCINT 
    GNDINT | 42                                                                                                                         139 | RESERVED 
  RESERVED | 43                                                                                                                         138 | RESERVED 
  RESERVED | 44                                                                                                                         137 | RESERVED 
  RESERVED | 45                                                                                                                         136 | RESERVED 
  RESERVED | 46                                                                                                                         135 | GNDINT 
    VCCINT | 47                                                                                                                         134 | RESERVED 
  RESERVED | 48                                                                                                                         133 | RESERVED 
  RESERVED | 49                                                                                                                         132 | RESERVED 
  RESERVED | 50                                                                                                                         131 | RESERVED 
  RESERVED | 51                                                                                                                         130 | VCCINT 
    GNDINT | 52                                                                                                                         129 | RESERVED 
  RESERVED | 53                                                                                                                         128 | RESERVED 
  RESERVED | 54                                                                                                                         127 | RESERVED 
  RESERVED | 55                                                                                                                         126 | RESERVED 
  RESERVED | 56                                                                                                                         125 | GNDINT 
    VCCINT | 57                                                                                                                         124 | ^MSEL0 
      #TMS | 58                                                                                                                         123 | ^MSEL1 
     #TRST | 59                                                                                                                         122 | VCCINT 
  ^nSTATUS | 60                                                                                                                         121 | ^nCONFIG 
           |      62  64  66  68  70  72  74  76  78  80  82  84  86  88  90  92  94  96  98 100 102 104 106 108 110 112 114 116 118 120  _| 
            \   61  63  65  67  69  71  73  75  77  79  81  83  85  87  89  91  93  95  97  99 101 103 105 107 109 111 113 115 117 119   | 
             \--------------------------------------------------------------------------------------------------------------------------- 
                R R R R R R R R G R R R R R R R V R R R R R R R G R R R V b a a G R R V R R R R R R R G R R R R R R R V R R R R R R R R  
                E E E E E E E E N E E E E E E E C E E E E E E E N E E E C 6 4 6 N E E C E E E E E E E N E E E E E E E C E E E E E E E E  
                S S S S S S S S D S S S S S S S C S S S S S S S D S S S C       D S S C S S S S S S S D S S S S S S S C S S S S S S S S  
                E E E E E E E E I E E E E E E E I E E E E E E E I E E E I       I E E I E E E E E E E I E E E E E E E I E E E E E E E E  
                R R R R R R R R N R R R R R R R N R R R R R R R N R R R N       N R R N R R R R R R R N R R R R R R R N R R R R R R R R  
                V V V V V V V V T V V V V V V V T V V V V V V V T V V V T       T V V T V V V V V V V T V V V V V V V T V V V V V V V V  
                E E E E E E E E   E E E E E E E   E E E E E E E   E E E           E E   E E E E E E E   E E E E E E E   E E E E E E E E  
                D D D D D D D D   D D D D D D D   D D D D D D D   D D D           D D   D D D D D D D   D D D D D D D   D D D D D D D D  
                                                                                                                                         
                                                                                                                                         


N.C. = No Connect. This pin has no internal connection to the device.
VCCINT = Dedicated power pin, which MUST be connected to VCC (5.0 volts).
VCCIO = Dedicated power pin, which MUST be connected to VCC (5.0 volts).
GNDINT = Dedicated ground pin or unused dedicated input, which MUST be connected to GND.
GNDIO = Dedicated ground pin, which MUST be connected to GND.
RESERVED = Unused I/O pin, which MUST be left unconnected.

^ = Dedicated configuration pin.
+ = Reserved configuration pin, which is tri-stated during user mode.
* = Reserved configuration pin, which drives out in user mode.
PDn = Power Down pin. 
@ = Special-purpose pin. 
# = JTAG Boundary-Scan Testing/In-System Programming or Configuration Pin. The JTAG inputs TMS and TDI should be tied to VCC and TCK should be tied to GND when not in use.
& = JTAG pin used for I/O. When used as user I/O, JTAG pins must be kept stable before and during configuration.  JTAG pin stability prevents accidental loading of JTAG instructions.


Device-Specific Information:c:\documents and settings\oxf8548\desktop\tst\blah.rpt
blah

** RESOURCE USAGE **

Logic                Column       Row                                   
Array                Interconnect Interconnect         Clears/     External  
Block   Logic Cells  Driven       Driven       Clocks  Presets   Interconnect
A29      1/ 8( 12%)   0/ 8(  0%)   1/ 8( 12%)    0/2    0/2       2/26(  7%)   
A32      1/ 8( 12%)   0/ 8(  0%)   1/ 8( 12%)    0/2    0/2       2/26(  7%)   
A33      8/ 8(100%)   0/ 8(  0%)   5/ 8( 62%)    0/2    0/2      12/26( 46%)   
A38      1/ 8( 12%)   0/ 8(  0%)   1/ 8( 12%)    0/2    0/2       2/26(  7%)   
A42      8/ 8(100%)   0/ 8(  0%)   5/ 8( 62%)    0/2    0/2       5/26( 19%)   
A43      1/ 8( 12%)   0/ 8(  0%)   1/ 8( 12%)    0/2    0/2       2/26(  7%)   
A48      8/ 8(100%)   1/ 8( 12%)   7/ 8( 87%)    0/2    0/2       4/26( 15%)   
A50      8/ 8(100%)   1/ 8( 12%)   1/ 8( 12%)    0/2    0/2      11/26( 42%)   
C32      8/ 8(100%)   1/ 8( 12%)   6/ 8( 75%)    0/2    0/2       7/26( 26%)   
C37      8/ 8(100%)   1/ 8( 12%)   2/ 8( 25%)    0/2    0/2       9/26( 34%)   
C48      8/ 8(100%)   0/ 8(  0%)   2/ 8( 25%)    0/2    0/2      15/26( 57%)   
C49      8/ 8(100%)   0/ 8(  0%)   8/ 8(100%)    0/2    0/2       4/26( 15%)   
E27      1/ 8( 12%)   1/ 8( 12%)   0/ 8(  0%)    0/2    0/2       2/26(  7%)   
F34      1/ 8( 12%)   1/ 8( 12%)   0/ 8(  0%)    0/2    0/2       2/26(  7%)   
F49      1/ 8( 12%)   1/ 8( 12%)   0/ 8(  0%)    0/2    0/2       2/26(  7%)   
F50      1/ 8( 12%)   1/ 8( 12%)   0/ 8(  0%)    0/2    0/2       2/26(  7%)   


Embedded             Column       Row                                   
Array     Embedded   Interconnect Interconnect         Read/      External  
Block     Cells      Driven       Driven       Clocks  Write    Interconnect


Total dedicated input pins used:                 6/6      (100%)
Total I/O pins used:                            24/183    ( 13%)
Total logic cells used:                         72/3744   (  1%)
Total embedded cells used:                       0/72     (  0%)
Total EABs used:                                 0/9      (  0%)
Average fan-in:                                 3.47/4    ( 86%)
Total fan-in:                                 250/14976   (  1%)

Total input pins required:                      16
Total input I/O cell registers required:         0
Total output pins required:                     14
Total output I/O cell registers required:        0
Total buried I/O cell registers required:        0
Total bidirectional pins required:               0
Total reserved pins required                     0
Total logic cells required:                     72
Total flipflops required:                        0
Total packed registers required:                 0
Total logic cells in carry chains:               0
Total number of carry chains:                    0
Total logic cells in cascade chains:             0
Total number of cascade chains:                  0
Total single-pin Clock Enables required:         0
Total single-pin Output Enables required:        0

Synthesized logic cells:                        18/3744   (  0%)

Logic Cell and Embedded Cell Counts

Column:  01  02  03  04  05  06  07  08  09  10  11  12  13  14  15  16  17  18  19  20  21  22  23  24  25  26  EA  27  28  29  30  31  32  33  34  35  36  37  38  39  40  41  42  43  44  45  46  47  48  49  50  51  52  Total(LC/EC)
 A:      0   0   0   0   0   0   0   0   0   0   0   0   0   0   0   0   0   0   0   0   0   0   0   0   0   0   0   0   0   1   0   0   1   8   0   0   0   0   1   0   0   0   8   1   0   0   0   0   8   0   8   0   0     36/0  
 B:      0   0   0   0   0   0   0   0   0   0   0   0   0   0   0   0   0   0   0   0   0   0   0   0   0   0   0   0   0   0   0   0   0   0   0   0   0   0   0   0   0   0   0   0   0   0   0   0   0   0   0   0   0      0/0  
 C:      0   0   0   0   0   0   0   0   0   0   0   0   0   0   0   0   0   0   0   0   0   0   0   0   0   0   0   0   0   0   0   0   8   0   0   0   0   8   0   0   0   0   0   0   0   0   0   0   8   8   0   0   0     32/0  
 D:      0   0   0   0   0   0   0   0   0   0   0   0   0   0   0   0   0   0   0   0   0   0   0   0   0   0   0   0   0   0   0   0   0   0   0   0   0   0   0   0   0   0   0   0   0   0   0   0   0   0   0   0   0      0/0  
 E:      0   0   0   0   0   0   0   0   0   0   0   0   0   0   0   0   0   0   0   0   0   0   0   0   0   0   0   1   0   0   0   0   0   0   0   0   0   0   0   0   0   0   0   0   0   0   0   0   0   0   0   0   0      1/0  
 F:      0   0   0   0   0   0   0   0   0   0   0   0   0   0   0   0   0   0   0   0   0   0   0   0   0   0   0   0   0   0   0   0   0   0   1   0   0   0   0   0   0   0   0   0   0   0   0   0   0   1   1   0   0      3/0  
 G:      0   0   0   0   0   0   0   0   0   0   0   0   0   0   0   0   0   0   0   0   0   0   0   0   0   0   0   0   0   0   0   0   0   0   0   0   0   0   0   0   0   0   0   0   0   0   0   0   0   0   0   0   0      0/0  
 H:      0   0   0   0   0   0   0   0   0   0   0   0   0   0   0   0   0   0   0   0   0   0   0   0   0   0   0   0   0   0   0   0   0   0   0   0   0   0   0   0   0   0   0   0   0   0   0   0   0   0   0   0   0      0/0  
 I:      0   0   0   0   0   0   0   0   0   0   0   0   0   0   0   0   0   0   0   0   0   0   0   0   0   0   0   0   0   0   0   0   0   0   0   0   0   0   0   0   0   0   0   0   0   0   0   0   0   0   0   0   0      0/0  

Total:   0   0   0   0   0   0   0   0   0   0   0   0   0   0   0   0   0   0   0   0   0   0   0   0   0   0   0   1   0   1   0   0   9   8   1   0   0   8   1   0   0   0   8   1   0   0   0   0  16   9   9   0   0     72/0  



Device-Specific Information:c:\documents and settings\oxf8548\desktop\tst\blah.rpt
blah

** INPUTS **

                                                    Fan-In    Fan-Out
 Pin     LC     EC   Row  Col  Primitive    Code      INP  FBK  OUT  FBK  Name
  41      -     -    F    --      INPUT                0    0    0    1  a0
  40      -     -    F    --      INPUT                0    0    0    1  a1
  39      -     -    F    --      INPUT                0    0    0    1  a2
  38      -     -    F    --      INPUT                0    0    0    1  a3
  91      -     -    -    --      INPUT                0    0    0    1  a4
 171      -     -    A    --      INPUT                0    0    0    1  a5
  92      -     -    -    --      INPUT                0    0    0    1  a6
 212      -     -    -    --      INPUT                0    0    0    1  a7
  36      -     -    F    --      INPUT                0    0    0    1  b0
  35      -     -    E    --      INPUT                0    0    0    1  b1
  34      -     -    E    --      INPUT                0    0    0    1  b2
  33      -     -    E    --      INPUT                0    0    0    1  b3
 211      -     -    -    --      INPUT                0    0    0    1  b4
 173      -     -    A    --      INPUT                0    0    0    1  b5
  90      -     -    -    --      INPUT                0    0    0    1  b6
 210      -     -    -    --      INPUT                0    0    0    1  b7


Code:

s = Synthesized pin or logic cell
+ = Synchronous flipflop
/ = Slow slew-rate output
! = NOT gate push-back
r = Fitter-inserted logic cell
@ = Uses single-pin Clock Enable
& = Uses single-pin Output Enable


Device-Specific Information:c:\documents and settings\oxf8548\desktop\tst\blah.rpt
blah

** OUTPUTS **

       Fed By Fed By                                Fan-In    Fan-Out
 Pin     LC     EC   Row  Col  Primitive    Code      INP  FBK  OUT  FBK  Name
  13      -     -    B    --     OUTPUT                0    1    0    0  output10
  12      -     -    B    --     OUTPUT                0    1    0    0  output11
  11      -     -    A    --     OUTPUT                0    1    0    0  output12
   9      -     -    A    --     OUTPUT                0    1    0    0  output13
   8      -     -    A    --     OUTPUT                0    1    0    0  output14
   7      -     -    A    --     OUTPUT                0    1    0    0  output15
   6      -     -    A    --     OUTPUT                0    1    0    0  output16
  24      -     -    C    --     OUTPUT                0    1    0    0  output20
  23      -     -    C    --     OUTPUT                0    1    0    0  output21
  21      -     -    C    --     OUTPUT                0    1    0    0  output22
  20      -     -    C    --     OUTPUT                0    1    0    0  output23
  19      -     -    C    --     OUTPUT                0    1    0    0  output24
  18      -     -    B    --     OUTPUT                0    1    0    0  output25
  17      -     -    B    --     OUTPUT                0    1    0    0  output26


Code:

s = Synthesized pin or logic cell
+ = Synchronous flipflop
/ = Slow slew-rate output
! = NOT gate push-back
r = Fitter-inserted logic cell
@ = Uses single-pin Clock Enable
& = Uses single-pin Output Enable


Device-Specific Information:c:\documents and settings\oxf8548\desktop\tst\blah.rpt
blah

** BURIED LOGIC **

                                                    Fan-In    Fan-Out
 IOC     LC     EC   Row  Col  Primitive    Code      INP  FBK  OUT  FBK  Name
   -      1     -    A    32       AND2                2    0    0   18  |BIT_AND:1|:65
   -      1     -    A    43       AND2                2    0    0   18  |BIT_AND:1|:66
   -      1     -    A    29        OR2        !       2    0    0   18  |BIT_AND:1|:67
   -      1     -    A    38        OR2        !       2    0    0   16  |BIT_AND:1|:68
   -      1     -    F    34       AND2                2    0    0   18  |BIT_AND:1|:69
   -      1     -    E    27       AND2                2    0    0   18  |BIT_AND:1|:70
   -      2     -    F    49        OR2        !       2    0    0   18  |BIT_AND:1|:71
   -      1     -    F    50        OR2        !       2    0    0   16  |BIT_AND:1|:72
   -      3     -    A    42       AND2                0    4    0    4  |K7SEG:6|:28
   -      1     -    A    42       AND2                0    4    0    4  |K7SEG:6|:33
   -      6     -    A    42        OR2        !       0    4    0    2  |K7SEG:6|:38
   -      4     -    A    48        OR2        !       0    4    0    3  |K7SEG:6|:48
   -      3     -    A    50       AND2                0    4    0    2  |K7SEG:6|:63
   -      5     -    A    50        OR2        !       0    4    0    2  |K7SEG:6|:78
   -      7     -    A    48        OR2        !       0    4    0    1  |K7SEG:6|:83
   -      2     -    A    48        OR2    s           0    2    0    1  |K7SEG:6|~98~1
   -      6     -    A    33        OR2        !       0    4    0    1  |K7SEG:6|:143
   -      6     -    A    50       AND2    s           0    2    0    1  |K7SEG:6|~171~1
   -      3     -    A    48        OR2    s           0    4    0    2  |K7SEG:6|~171~2
   -      8     -    A    33        OR2        !       0    4    0    1  |K7SEG:6|:185
   -      1     -    A    33        OR2        !       0    4    1    0  |K7SEG:6|:201
   -      2     -    A    33        OR2        !       0    4    0    2  |K7SEG:6|:228
   -      3     -    A    33        OR2        !       0    4    1    0  |K7SEG:6|:249
   -      7     -    A    42        OR2    s           0    4    0    1  |K7SEG:6|~288~1
   -      5     -    A    42        OR2        !       0    4    1    0  |K7SEG:6|:297
   -      5     -    A    48        OR2        !       0    4    0    1  |K7SEG:6|:312
   -      8     -    A    50        OR2        !       0    3    0    1  |K7SEG:6|:321
   -      1     -    A    50        OR2        !       0    4    0    1  |K7SEG:6|:338
   -      7     -    A    33        OR2        !       0    4    1    0  |K7SEG:6|:345
   -      4     -    A    42        OR2        !       0    4    0    1  |K7SEG:6|:389
   -      8     -    A    42        OR2        !       0    4    1    0  |K7SEG:6|:393
   -      4     -    A    50        OR2    s           0    3    0    2  |K7SEG:6|~417~1
   -      6     -    A    48        OR2    s           0    4    0    4  |K7SEG:6|~429~1
   -      1     -    A    48        OR2        !       0    4    1    0  |K7SEG:6|:441
   -      8     -    A    48        OR2        !       0    4    0    1  |K7SEG:6|:458
   -      7     -    A    50        OR2        !       0    4    0    1  |K7SEG:6|:473
   -      5     -    A    33        OR2    s           0    3    0    3  |K7SEG:6|~483~1
   -      4     -    A    33       AND2    s           0    2    0    2  |K7SEG:6|~483~2
   -      2     -    A    42        OR2    s           0    2    0    3  |K7SEG:6|~491~1
   -      2     -    A    50        OR2        !       0    4    1    0  |K7SEG:6|:491
   -      2     -    C    32       AND2                0    4    0    4  |K7SEG:7|:28
   -      1     -    C    32       AND2                0    4    0    4  |K7SEG:7|:33
   -      8     -    C    49        OR2        !       0    4    0    2  |K7SEG:7|:38
   -      1     -    C    49        OR2        !       0    4    0    3  |K7SEG:7|:48
   -      4     -    C    49       AND2                0    4    0    2  |K7SEG:7|:63
   -      3     -    C    48        OR2        !       0    4    0    2  |K7SEG:7|:78
   -      5     -    C    49        OR2        !       0    4    0    1  |K7SEG:7|:83
   -      4     -    C    37        OR2    s           0    2    0    1  |K7SEG:7|~98~1
   -      7     -    C    37        OR2        !       0    4    0    1  |K7SEG:7|:143
   -      4     -    C    48       AND2    s           0    2    0    1  |K7SEG:7|~171~1
   -      5     -    C    37        OR2    s           0    4    0    2  |K7SEG:7|~171~2
   -      2     -    C    37        OR2        !       0    4    0    1  |K7SEG:7|:185
   -      6     -    C    32        OR2        !       0    4    1    0  |K7SEG:7|:201
   -      6     -    C    37        OR2        !       0    4    0    2  |K7SEG:7|:228
   -      8     -    C    37        OR2        !       0    4    1    0  |K7SEG:7|:249
   -      3     -    C    37        OR2    s           0    4    0    1  |K7SEG:7|~288~1
   -      1     -    C    37        OR2        !       0    4    1    0  |K7SEG:7|:297
   -      2     -    C    49        OR2        !       0    4    0    1  |K7SEG:7|:312
   -      7     -    C    48        OR2        !       0    3    0    1  |K7SEG:7|:321
   -      8     -    C    48        OR2        !       0    4    0    1  |K7SEG:7|:338
   -      2     -    C    48        OR2        !       0    4    1    0  |K7SEG:7|:345
   -      7     -    C    32        OR2        !       0    4    0    1  |K7SEG:7|:389
   -      8     -    C    32        OR2        !       0    4    1    0  |K7SEG:7|:393
   -      1     -    C    48        OR2    s           0    3    0    2  |K7SEG:7|~417~1
   -      3     -    C    49        OR2    s           0    4    0    4  |K7SEG:7|~429~1
   -      6     -    C    49        OR2        !       0    4    1    0  |K7SEG:7|:441
   -      7     -    C    49        OR2        !       0    4    0    1  |K7SEG:7|:458
   -      5     -    C    48        OR2        !       0    4    0    1  |K7SEG:7|:473
   -      3     -    C    32        OR2    s           0    3    0    3  |K7SEG:7|~483~1
   -      5     -    C    32       AND2    s           0    2    0    2  |K7SEG:7|~483~2
   -      4     -    C    32        OR2    s           0    2    0    3  |K7SEG:7|~491~1
   -      6     -    C    48        OR2        !       0    4    1    0  |K7SEG:7|:491


Code:

s = Synthesized pin or logic cell
+ = Synchronous flipflop
/ = Slow slew-rate output
! = NOT gate push-back
r = Fitter-inserted logic cell
p = Packed register


Device-Specific Information:c:\documents and settings\oxf8548\desktop\tst\blah.rpt
blah

** FASTTRACK INTERCONNECT UTILIZATION **

Row FastTrack Interconnect:

          Global         Left Half-      Right Half-
         FastTrack       FastTrack       FastTrack 
Row     Interconnect    Interconnect    Interconnect    Input Pins     Output Pins     Bidir Pins
A:       5/208(  2%)     0/104(  0%)    19/104( 18%)    2/16( 12%)      5/16( 31%)     0/16(  0%)
B:       0/208(  0%)     0/104(  0%)     4/104(  3%)    0/16(  0%)      4/16( 25%)     0/16(  0%)
C:       3/208(  1%)     0/104(  0%)    19/104( 18%)    0/16(  0%)      5/16( 31%)     0/16(  0%)
D:       0/208(  0%)     0/104(  0%)     0/104(  0%)    0/16(  0%)      0/16(  0%)     0/16(  0%)
E:       3/208(  1%)     0/104(  0%)     1/104(  0%)    3/16( 18%)      0/16(  0%)     0/16(  0%)
F:       5/208(  2%)     0/104(  0%)     2/104(  1%)    5/16( 31%)      0/16(  0%)     0/16(  0%)
G:       0/208(  0%)     0/104(  0%)     0/104(  0%)    0/16(  0%)      0/16(  0%)     0/16(  0%)
H:       0/208(  0%)     0/104(  0%)     0/104(  0%)    0/16(  0%)      0/16(  0%)     0/16(  0%)
I:       0/208(  0%)     0/104(  0%)     0/104(  0%)    0/16(  0%)      0/16(  0%)     0/16(  0%)


Column FastTrack Interconnect:

         FastTrack                                 
Column  Interconnect    Input Pins     Output Pins     Bidir Pins
01:      0/24(  0%)     0/4(  0%)      0/4(  0%)       0/4(  0%)
02:      0/24(  0%)     0/4(  0%)      0/4(  0%)       0/4(  0%)
03:      0/24(  0%)     0/4(  0%)      0/4(  0%)       0/4(  0%)
04:      0/24(  0%)     0/4(  0%)      0/4(  0%)       0/4(  0%)
05:      0/24(  0%)     0/4(  0%)      0/4(  0%)       0/4(  0%)
06:      0/24(  0%)     0/4(  0%)      0/4(  0%)       0/4(  0%)
07:      0/24(  0%)     0/4(  0%)      0/4(  0%)       0/4(  0%)
08:      0/24(  0%)     0/4(  0%)      0/4(  0%)       0/4(  0%)
09:      0/24(  0%)     0/4(  0%)      0/4(  0%)       0/4(  0%)
10:      0/24(  0%)     0/4(  0%)      0/4(  0%)       0/4(  0%)
11:      0/24(  0%)     0/4(  0%)      0/4(  0%)       0/4(  0%)
12:      0/24(  0%)     0/4(  0%)      0/4(  0%)       0/4(  0%)
13:      0/24(  0%)     0/4(  0%)      0/4(  0%)       0/4(  0%)
14:      0/24(  0%)     0/4(  0%)      0/4(  0%)       0/4(  0%)
15:      0/24(  0%)     0/4(  0%)      0/4(  0%)       0/4(  0%)
16:      0/24(  0%)     0/4(  0%)      0/4(  0%)       0/4(  0%)
17:      0/24(  0%)     0/4(  0%)      0/4(  0%)       0/4(  0%)
18:      0/24(  0%)     0/4(  0%)      0/4(  0%)       0/4(  0%)
19:      0/24(  0%)     0/4(  0%)      0/4(  0%)       0/4(  0%)
20:      0/24(  0%)     0/4(  0%)      0/4(  0%)       0/4(  0%)
21:      0/24(  0%)     0/4(  0%)      0/4(  0%)       0/4(  0%)
22:      0/24(  0%)     0/4(  0%)      0/4(  0%)       0/4(  0%)
23:      0/24(  0%)     0/4(  0%)      0/4(  0%)       0/4(  0%)
24:      0/24(  0%)     0/4(  0%)      0/4(  0%)       0/4(  0%)
25:      0/24(  0%)     0/4(  0%)      0/4(  0%)       0/4(  0%)
26:      0/24(  0%)     0/4(  0%)      0/4(  0%)       0/4(  0%)
27:      1/24(  4%)     0/4(  0%)      0/4(  0%)       0/4(  0%)
28:      0/24(  0%)     0/4(  0%)      0/4(  0%)       0/4(  0%)
29:      0/24(  0%)     0/4(  0%)      0/4(  0%)       0/4(  0%)
30:      0/24(  0%)     0/4(  0%)      0/4(  0%)       0/4(  0%)
31:      1/24(  4%)     0/4(  0%)      0/4(  0%)       0/4(  0%)
32:      0/24(  0%)     0/4(  0%)      0/4(  0%)       0/4(  0%)
33:      0/24(  0%)     0/4(  0%)      0/4(  0%)       0/4(  0%)
34:      1/24(  4%)     0/4(  0%)      0/4(  0%)       0/4(  0%)
35:      0/24(  0%)     0/4(  0%)      0/4(  0%)       0/4(  0%)
36:      0/24(  0%)     0/4(  0%)      0/4(  0%)       0/4(  0%)
37:      0/24(  0%)     0/4(  0%)      0/4(  0%)       0/4(  0%)
38:      1/24(  4%)     0/4(  0%)      0/4(  0%)       0/4(  0%)
39:      0/24(  0%)     0/4(  0%)      0/4(  0%)       0/4(  0%)
40:      0/24(  0%)     0/4(  0%)      0/4(  0%)       0/4(  0%)
41:      0/24(  0%)     0/4(  0%)      0/4(  0%)       0/4(  0%)
42:      0/24(  0%)     0/4(  0%)      0/4(  0%)       0/4(  0%)
43:      0/24(  0%)     0/4(  0%)      0/4(  0%)       0/4(  0%)
44:      0/24(  0%)     0/4(  0%)      0/4(  0%)       0/4(  0%)
45:      0/24(  0%)     0/4(  0%)      0/4(  0%)       0/4(  0%)
46:      0/24(  0%)     0/4(  0%)      0/4(  0%)       0/4(  0%)
47:      0/24(  0%)     0/4(  0%)      0/4(  0%)       0/4(  0%)
48:      2/24(  8%)     0/4(  0%)      0/4(  0%)       0/4(  0%)
49:      3/24( 12%)     0/4(  0%)      0/4(  0%)       0/4(  0%)
50:      1/24(  4%)     0/4(  0%)      0/4(  0%)       0/4(  0%)
51:      1/24(  4%)     0/4(  0%)      0/4(  0%)       0/4(  0%)
52:      0/24(  0%)     0/4(  0%)      0/4(  0%)       0/4(  0%)
EA:      0/24(  0%)     0/4(  0%)      0/4(  0%)       0/4(  0%)


Device-Specific Information:c:\documents and settings\oxf8548\desktop\tst\blah.rpt
blah

** EQUATIONS **

a0       : INPUT;
a1       : INPUT;
a2       : INPUT;
a3       : INPUT;
a4       : INPUT;
a5       : INPUT;
a6       : INPUT;
a7       : INPUT;
b0       : INPUT;
b1       : INPUT;
b2       : INPUT;
b3       : INPUT;
b4       : INPUT;
b5       : INPUT;
b6       : INPUT;
b7       : INPUT;

-- Node name is 'output10' 
-- Equation name is 'output10', type is output 
output10 = !_LC2_A50;

-- Node name is 'output11' 
-- Equation name is 'output11', type is output 
output11 = !_LC1_A48;

-- Node name is 'output12' 
-- Equation name is 'output12', type is output 
output12 = !_LC8_A42;

-- Node name is 'output13' 
-- Equation name is 'output13', type is output 
output13 = !_LC7_A33;

-- Node name is 'output14' 
-- Equation name is 'output14', type is output 
output14 = !_LC5_A42;

-- Node name is 'output15' 
-- Equation name is 'output15', type is output 
output15 = !_LC3_A33;

-- Node name is 'output16' 
-- Equation name is 'output16', type is output 
output16 = !_LC1_A33;

-- Node name is 'output20' 
-- Equation name is 'output20', type is output 
output20 = !_LC6_C48;

-- Node name is 'output21' 
-- Equation name is 'output21', type is output 
output21 = !_LC6_C49;

-- Node name is 'output22' 
-- Equation name is 'output22', type is output 
output22 = !_LC8_C32;

-- Node name is 'output23' 
-- Equation name is 'output23', type is output 
output23 = !_LC2_C48;

-- Node name is 'output24' 
-- Equation name is 'output24', type is output 
output24 = !_LC1_C37;

-- Node name is 'output25' 
-- Equation name is 'output25', type is output 
output25 = !_LC8_C37;

-- Node name is 'output26' 
-- Equation name is 'output26', type is output 
output26 = !_LC6_C32;

-- Node name is '|BIT_AND:1|:65' 
-- Equation name is '_LC1_A32', type is buried 
_LC1_A32 = LCELL( _EQ001);
  _EQ001 =  a7 &  b7;

-- Node name is '|BIT_AND:1|:66' 
-- Equation name is '_LC1_A43', type is buried 
_LC1_A43 = LCELL( _EQ002);
  _EQ002 =  a6 &  b6;

-- Node name is '|BIT_AND:1|:67' 
-- Equation name is '_LC1_A29', type is buried 
!_LC1_A29 = _LC1_A29~NOT;
_LC1_A29~NOT = LCELL( _EQ003);
  _EQ003 = !a5
         # !b5;

-- Node name is '|BIT_AND:1|:68' 
-- Equation name is '_LC1_A38', type is buried 
!_LC1_A38 = _LC1_A38~NOT;
_LC1_A38~NOT = LCELL( _EQ004);
  _EQ004 = !a4
         # !b4;

-- Node name is '|BIT_AND:1|:69' 
-- Equation name is '_LC1_F34', type is buried 
_LC1_F34 = LCELL( _EQ005);
  _EQ005 =  a3 &  b3;

-- Node name is '|BIT_AND:1|:70' 
-- Equation name is '_LC1_E27', type is buried 
_LC1_E27 = LCELL( _EQ006);
  _EQ006 =  a2 &  b2;

-- Node name is '|BIT_AND:1|:71' 
-- Equation name is '_LC2_F49', type is buried 
!_LC2_F49 = _LC2_F49~NOT;
_LC2_F49~NOT = LCELL( _EQ007);
  _EQ007 = !a1
         # !b1;

-- Node name is '|BIT_AND:1|:72' 
-- Equation name is '_LC1_F50', type is buried 
!_LC1_F50 = _LC1_F50~NOT;
_LC1_F50~NOT = LCELL( _EQ008);
  _EQ008 = !a0
         # !b0;

-- Node name is '|K7SEG:6|:28' 
-- Equation name is '_LC3_A42', type is buried 
_LC3_A42 = LCELL( _EQ009);
  _EQ009 = !_LC1_A29 & !_LC1_A32 & !_LC1_A38 & !_LC1_A43;

-- Node name is '|K7SEG:6|:33' 
-- Equation name is '_LC1_A42', type is buried 
_LC1_A42 = LCELL( _EQ010);
  _EQ010 = !_LC1_A29 & !_LC1_A32 &  _LC1_A38 & !_LC1_A43;

-- Node name is '|K7SEG:6|:38' 
-- Equation name is '_LC6_A42', type is buried 
!_LC6_A42 = _LC6_A42~NOT;
_LC6_A42~NOT = LCELL( _EQ011);
  _EQ011 = !_LC1_A29
         #  _LC1_A38
         #  _LC1_A32
         #  _LC1_A43;

-- Node name is '|K7SEG:6|:48' 
-- Equation name is '_LC4_A48', type is buried 
!_LC4_A48 = _LC4_A48~NOT;
_LC4_A48~NOT = LCELL( _EQ012);
  _EQ012 =  _LC1_A29
         #  _LC1_A38
         #  _LC1_A32
         # !_LC1_A43;

-- Node name is '|K7SEG:6|:63' 
-- Equation name is '_LC3_A50', type is buried 
_LC3_A50 = LCELL( _EQ013);
  _EQ013 =  _LC1_A29 & !_LC1_A32 &  _LC1_A38 &  _LC1_A43;

-- Node name is '|K7SEG:6|:78' 
-- Equation name is '_LC5_A50', type is buried 
!_LC5_A50 = _LC5_A50~NOT;
_LC5_A50~NOT = LCELL( _EQ014);
  _EQ014 = !_LC1_A29
         #  _LC1_A38
         # !_LC1_A32
         #  _LC1_A43;

-- Node name is '|K7SEG:6|:83' 
-- Equation name is '_LC7_A48', type is buried 
!_LC7_A48 = _LC7_A48~NOT;
_LC7_A48~NOT = LCELL( _EQ015);
  _EQ015 = !_LC1_A29
         # !_LC1_A38
         # !_LC1_A32
         #  _LC1_A43;

-- Node name is '|K7SEG:6|~98~1' 
-- Equation name is '_LC2_A48', type is buried 
-- synthesized logic cell 
_LC2_A48 = LCELL( _EQ016);
  _EQ016 = !_LC1_A32
         # !_LC1_A43;

-- Node name is '|K7SEG:6|:143' 
-- Equation name is '_LC6_A33', type is buried 
!_LC6_A33 = _LC6_A33~NOT;
_LC6_A33~NOT = LCELL( _EQ017);
  _EQ017 = !_LC1_A32
         # !_LC1_A43
         # !_LC1_A29 &  _LC1_A38;

-- Node name is '|K7SEG:6|~171~1' 
-- Equation name is '_LC6_A50', type is buried 
-- synthesized logic cell 
_LC6_A50 = LCELL( _EQ018);
  _EQ018 =  _LC4_A50 & !_LC5_A50;

-- Node name is '|K7SEG:6|~171~2' 
-- Equation name is '_LC3_A48', type is buried 
-- synthesized logic cell 
_LC3_A48 = LCELL( _EQ019);
  _EQ019 = !_LC1_A29 & !_LC1_A32
         # !_LC1_A32 & !_LC1_A38
         # !_LC1_A32 & !_LC1_A43
         # !_LC1_A29 &  _LC1_A43
         # !_LC1_A38 &  _LC1_A43
         #  _LC1_A32 &  _LC1_A43
         #  _LC1_A29 &  _LC1_A32 &  _LC1_A38
         #  _LC1_A29 &  _LC1_A38 & !_LC1_A43;

-- Node name is '|K7SEG:6|:185' 
-- Equation name is '_LC8_A33', type is buried 
!_LC8_A33 = _LC8_A33~NOT;
_LC8_A33~NOT = LCELL( _EQ020);
  _EQ020 =  _LC3_A48 & !_LC6_A33 &  _LC6_A48
         #  _LC4_A48;

-- Node name is '|K7SEG:6|:201' 
-- Equation name is '_LC1_A33', type is buried 
!_LC1_A33 = _LC1_A33~NOT;
_LC1_A33~NOT = LCELL( _EQ021);
  _EQ021 = !_LC3_A42 &  _LC5_A33 & !_LC8_A33
         #  _LC1_A42 & !_LC3_A42;

-- Node name is '|K7SEG:6|:228' 
-- Equation name is '_LC2_A33', type is buried 
!_LC2_A33 = _LC2_A33~NOT;
_LC2_A33~NOT = LCELL( _EQ022);
  _EQ022 =  _LC2_A48 &  _LC3_A48
         #  _LC1_A29 &  _LC3_A48
         # !_LC1_A38 &  _LC3_A48;

-- Node name is '|K7SEG:6|:249' 
-- Equation name is '_LC3_A33', type is buried 
!_LC3_A33 = _LC3_A33~NOT;
_LC3_A33~NOT = LCELL( _EQ023);
  _EQ023 = !_LC2_A33 & !_LC2_A42 &  _LC4_A33
         # !_LC2_A42 &  _LC4_A33 & !_LC6_A48;

-- Node name is '|K7SEG:6|~288~1' 
-- Equation name is '_LC7_A42', type is buried 
-- synthesized logic cell 
_LC7_A42 = LCELL( _EQ024);
  _EQ024 = !_LC1_A29 & !_LC1_A43
         # !_LC1_A38 & !_LC1_A43
         # !_LC1_A29 &  _LC1_A32
         #  _LC1_A32 & !_LC1_A38
         #  _LC1_A32 &  _LC1_A43
         #  _LC1_A29 &  _LC1_A38 &  _LC1_A43;

-- Node name is '|K7SEG:6|:297' 
-- Equation name is '_LC5_A42', type is buried 
!_LC5_A42 = _LC5_A42~NOT;
_LC5_A42~NOT = LCELL( _EQ025);
  _EQ025 = !_LC2_A33 & !_LC2_A42 &  _LC7_A42
         # !_LC2_A42 &  _LC6_A42;

-- Node name is '|K7SEG:6|:312' 
-- Equation name is '_LC5_A48', type is buried 
!_LC5_A48 = _LC5_A48~NOT;
_LC5_A48~NOT = LCELL( _EQ026);
  _EQ026 = !_LC1_A32
         # !_LC1_A29 & !_LC1_A43
         # !_LC1_A38 & !_LC1_A43
         #  _LC1_A29 &  _LC1_A38 &  _LC1_A43;

-- Node name is '|K7SEG:6|:321' 
-- Equation name is '_LC8_A50', type is buried 
!_LC8_A50 = _LC8_A50~NOT;
_LC8_A50~NOT = LCELL( _EQ027);
  _EQ027 =  _LC4_A50 & !_LC5_A48
         #  _LC4_A50 &  _LC5_A50;

-- Node name is '|K7SEG:6|:338' 
-- Equation name is '_LC1_A50', type is buried 
!_LC1_A50 = _LC1_A50~NOT;
_LC1_A50~NOT = LCELL( _EQ028);
  _EQ028 =  _LC6_A48 & !_LC8_A50
         #  _LC3_A50 &  _LC6_A48
         #  _LC4_A48;

-- Node name is '|K7SEG:6|:345' 
-- Equation name is '_LC7_A33', type is buried 
!_LC7_A33 = _LC7_A33~NOT;
_LC7_A33~NOT = LCELL( _EQ029);
  _EQ029 = !_LC1_A50 & !_LC3_A42 &  _LC5_A33
         #  _LC1_A42 & !_LC3_A42;

-- Node name is '|K7SEG:6|:389' 
-- Equation name is '_LC4_A42', type is buried 
!_LC4_A42 = _LC4_A42~NOT;
_LC4_A42~NOT = LCELL( _EQ030);
  _EQ030 = !_LC1_A29 &  _LC1_A38 & !_LC1_A43
         # !_LC1_A29 & !_LC1_A32
         # !_LC1_A32 &  _LC1_A38
         # !_LC1_A32 & !_LC1_A43;

-- Node name is '|K7SEG:6|:393' 
-- Equation name is '_LC8_A42', type is buried 
!_LC8_A42 = _LC8_A42~NOT;
_LC8_A42~NOT = LCELL( _EQ031);
  _EQ031 = !_LC3_A42 & !_LC4_A42 & !_LC6_A42
         #  _LC1_A42 & !_LC3_A42;

-- Node name is '|K7SEG:6|~417~1' 
-- Equation name is '_LC4_A50', type is buried 
-- synthesized logic cell 
_LC4_A50 = LCELL( _EQ032);
  _EQ032 =  _LC1_A29
         # !_LC1_A32
         #  _LC1_A43;

-- Node name is '|K7SEG:6|~429~1' 
-- Equation name is '_LC6_A48', type is buried 
-- synthesized logic cell 
_LC6_A48 = LCELL( _EQ033);
  _EQ033 =  _LC1_A32
         # !_LC1_A43
         # !_LC1_A29 & !_LC1_A38
         #  _LC1_A29 &  _LC1_A38;

-- Node name is '|K7SEG:6|:441' 
-- Equation name is '_LC1_A48', type is buried 
!_LC1_A48 = _LC1_A48~NOT;
_LC1_A48~NOT = LCELL( _EQ034);
  _EQ034 =  _LC1_A29 & !_LC1_A32 &  _LC1_A38
         # !_LC1_A29 &  _LC1_A32 &  _LC1_A38 &  _LC1_A43
         #  _LC1_A29 & !_LC1_A32 & !_LC1_A43
         # !_LC1_A32 &  _LC1_A38 & !_LC1_A43;

-- Node name is '|K7SEG:6|:458' 
-- Equation name is '_LC8_A48', type is buried 
!_LC8_A48 = _LC8_A48~NOT;
_LC8_A48~NOT = LCELL( _EQ035);
  _EQ035 = !_LC1_A32
         # !_LC1_A43
         # !_LC1_A29 & !_LC1_A38;

-- Node name is '|K7SEG:6|:473' 
-- Equation name is '_LC7_A50', type is buried 
!_LC7_A50 = _LC7_A50~NOT;
_LC7_A50~NOT = LCELL( _EQ036);
  _EQ036 =  _LC3_A50
         #  _LC6_A50 & !_LC7_A48 & !_LC8_A48;

-- Node name is '|K7SEG:6|~483~1' 
-- Equation name is '_LC5_A33', type is buried 
-- synthesized logic cell 
_LC5_A33 = LCELL( _EQ037);
  _EQ037 = !_LC1_A29
         #  _LC1_A32
         #  _LC1_A43;

-- Node name is '|K7SEG:6|~483~2' 
-- Equation name is '_LC4_A33', type is buried 
-- synthesized logic cell 
_LC4_A33 = LCELL( _EQ038);
  _EQ038 = !_LC4_A48 &  _LC5_A33;

-- Node name is '|K7SEG:6|~491~1' 
-- Equation name is '_LC2_A42', type is buried 
-- synthesized logic cell 
_LC2_A42 = LCELL( _EQ039);
  _EQ039 =  _LC1_A42
         #  _LC3_A42;

-- Node name is '|K7SEG:6|:491' 
-- Equation name is '_LC2_A50', type is buried 
!_LC2_A50 = _LC2_A50~NOT;
_LC2_A50~NOT = LCELL( _EQ040);
  _EQ040 =  _LC2_A42
         #  _LC4_A33 &  _LC6_A48 & !_LC7_A50;

-- Node name is '|K7SEG:7|:28' 
-- Equation name is '_LC2_C32', type is buried 
_LC2_C32 = LCELL( _EQ041);
  _EQ041 = !_LC1_E27 & !_LC1_F34 & !_LC1_F50 & !_LC2_F49;

-- Node name is '|K7SEG:7|:33' 
-- Equation name is '_LC1_C32', type is buried 
_LC1_C32 = LCELL( _EQ042);
  _EQ042 = !_LC1_E27 & !_LC1_F34 &  _LC1_F50 & !_LC2_F49;

-- Node name is '|K7SEG:7|:38' 
-- Equation name is '_LC8_C49', type is buried 
!_LC8_C49 = _LC8_C49~NOT;
_LC8_C49~NOT = LCELL( _EQ043);
  _EQ043 = !_LC2_F49
         #  _LC1_F50
         #  _LC1_F34
         #  _LC1_E27;

-- Node name is '|K7SEG:7|:48' 
-- Equation name is '_LC1_C49', type is buried 
!_LC1_C49 = _LC1_C49~NOT;
_LC1_C49~NOT = LCELL( _EQ044);
  _EQ044 =  _LC2_F49
         #  _LC1_F50
         #  _LC1_F34
         # !_LC1_E27;

-- Node name is '|K7SEG:7|:63' 
-- Equation name is '_LC4_C49', type is buried 
_LC4_C49 = LCELL( _EQ045);
  _EQ045 =  _LC1_E27 & !_LC1_F34 &  _LC1_F50 &  _LC2_F49;

-- Node name is '|K7SEG:7|:78' 
-- Equation name is '_LC3_C48', type is buried 
!_LC3_C48 = _LC3_C48~NOT;
_LC3_C48~NOT = LCELL( _EQ046);
  _EQ046 = !_LC2_F49
         #  _LC1_F50
         # !_LC1_F34
         #  _LC1_E27;

-- Node name is '|K7SEG:7|:83' 
-- Equation name is '_LC5_C49', type is buried 
!_LC5_C49 = _LC5_C49~NOT;
_LC5_C49~NOT = LCELL( _EQ047);
  _EQ047 = !_LC2_F49
         # !_LC1_F50
         # !_LC1_F34
         #  _LC1_E27;

-- Node name is '|K7SEG:7|~98~1' 
-- Equation name is '_LC4_C37', type is buried 
-- synthesized logic cell 
_LC4_C37 = LCELL( _EQ048);
  _EQ048 = !_LC1_F34
         # !_LC1_E27;

-- Node name is '|K7SEG:7|:143' 
-- Equation name is '_LC7_C37', type is buried 
!_LC7_C37 = _LC7_C37~NOT;
_LC7_C37~NOT = LCELL( _EQ049);
  _EQ049 = !_LC1_F34
         # !_LC1_E27
         #  _LC1_F50 & !_LC2_F49;

-- Node name is '|K7SEG:7|~171~1' 
-- Equation name is '_LC4_C48', type is buried 
-- synthesized logic cell 
_LC4_C48 = LCELL( _EQ050);
  _EQ050 =  _LC1_C48 & !_LC3_C48;

-- Node name is '|K7SEG:7|~171~2' 
-- Equation name is '_LC5_C37', type is buried 
-- synthesized logic cell 
_LC5_C37 = LCELL( _EQ051);
  _EQ051 = !_LC1_F34 & !_LC2_F49
         # !_LC1_F34 & !_LC1_F50
         # !_LC1_E27 & !_LC1_F34
         #  _LC1_E27 & !_LC2_F49
         #  _LC1_E27 & !_LC1_F50
         #  _LC1_E27 &  _LC1_F34
         #  _LC1_F34 &  _LC1_F50 &  _LC2_F49
         # !_LC1_E27 &  _LC1_F50 &  _LC2_F49;

-- Node name is '|K7SEG:7|:185' 
-- Equation name is '_LC2_C37', type is buried 
!_LC2_C37 = _LC2_C37~NOT;
_LC2_C37~NOT = LCELL( _EQ052);
  _EQ052 =  _LC3_C49 &  _LC5_C37 & !_LC7_C37
         #  _LC1_C49;

-- Node name is '|K7SEG:7|:201' 
-- Equation name is '_LC6_C32', type is buried 
!_LC6_C32 = _LC6_C32~NOT;
_LC6_C32~NOT = LCELL( _EQ053);
  _EQ053 = !_LC2_C32 & !_LC2_C37 &  _LC3_C32
         #  _LC1_C32 & !_LC2_C32;

-- Node name is '|K7SEG:7|:228' 
-- Equation name is '_LC6_C37', type is buried 
!_LC6_C37 = _LC6_C37~NOT;
_LC6_C37~NOT = LCELL( _EQ054);
  _EQ054 =  _LC4_C37 &  _LC5_C37
         #  _LC2_F49 &  _LC5_C37
         # !_LC1_F50 &  _LC5_C37;

-- Node name is '|K7SEG:7|:249' 
-- Equation name is '_LC8_C37', type is buried 
!_LC8_C37 = _LC8_C37~NOT;
_LC8_C37~NOT = LCELL( _EQ055);
  _EQ055 = !_LC4_C32 &  _LC5_C32 & !_LC6_C37
         # !_LC3_C49 & !_LC4_C32 &  _LC5_C32;

-- Node name is '|K7SEG:7|~288~1' 
-- Equation name is '_LC3_C37', type is buried 
-- synthesized logic cell 
_LC3_C37 = LCELL( _EQ056);
  _EQ056 = !_LC1_E27 & !_LC2_F49
         # !_LC1_E27 & !_LC1_F50
         #  _LC1_F34 & !_LC2_F49
         #  _LC1_F34 & !_LC1_F50
         #  _LC1_E27 &  _LC1_F34
         #  _LC1_E27 &  _LC1_F50 &  _LC2_F49;

-- Node name is '|K7SEG:7|:297' 
-- Equation name is '_LC1_C37', type is buried 
!_LC1_C37 = _LC1_C37~NOT;
_LC1_C37~NOT = LCELL( _EQ057);
  _EQ057 =  _LC3_C37 & !_LC4_C32 & !_LC6_C37
         # !_LC4_C32 &  _LC8_C49;

-- Node name is '|K7SEG:7|:312' 
-- Equation name is '_LC2_C49', type is buried 
!_LC2_C49 = _LC2_C49~NOT;
_LC2_C49~NOT = LCELL( _EQ058);
  _EQ058 = !_LC1_F34
         # !_LC1_E27 & !_LC2_F49
         # !_LC1_E27 & !_LC1_F50
         #  _LC1_E27 &  _LC1_F50 &  _LC2_F49;

-- Node name is '|K7SEG:7|:321' 
-- Equation name is '_LC7_C48', type is buried 
!_LC7_C48 = _LC7_C48~NOT;
_LC7_C48~NOT = LCELL( _EQ059);
  _EQ059 =  _LC1_C48 & !_LC2_C49
         #  _LC1_C48 &  _LC3_C48;

-- Node name is '|K7SEG:7|:338' 
-- Equation name is '_LC8_C48', type is buried 
!_LC8_C48 = _LC8_C48~NOT;
_LC8_C48~NOT = LCELL( _EQ060);
  _EQ060 =  _LC3_C49 & !_LC7_C48
         #  _LC3_C49 &  _LC4_C49
         #  _LC1_C49;

-- Node name is '|K7SEG:7|:345' 
-- Equation name is '_LC2_C48', type is buried 
!_LC2_C48 = _LC2_C48~NOT;
_LC2_C48~NOT = LCELL( _EQ061);
  _EQ061 = !_LC2_C32 &  _LC3_C32 & !_LC8_C48
         #  _LC1_C32 & !_LC2_C32;

-- Node name is '|K7SEG:7|:389' 
-- Equation name is '_LC7_C32', type is buried 
!_LC7_C32 = _LC7_C32~NOT;
_LC7_C32~NOT = LCELL( _EQ062);
  _EQ062 = !_LC1_E27 &  _LC1_F50 & !_LC2_F49
         # !_LC1_F34 & !_LC2_F49
         # !_LC1_F34 &  _LC1_F50
         # !_LC1_E27 & !_LC1_F34;

-- Node name is '|K7SEG:7|:393' 
-- Equation name is '_LC8_C32', type is buried 
!_LC8_C32 = _LC8_C32~NOT;
_LC8_C32~NOT = LCELL( _EQ063);
  _EQ063 = !_LC2_C32 & !_LC7_C32 & !_LC8_C49
         #  _LC1_C32 & !_LC2_C32;

-- Node name is '|K7SEG:7|~417~1' 
-- Equation name is '_LC1_C48', type is buried 
-- synthesized logic cell 
_LC1_C48 = LCELL( _EQ064);
  _EQ064 =  _LC2_F49
         # !_LC1_F34
         #  _LC1_E27;

-- Node name is '|K7SEG:7|~429~1' 
-- Equation name is '_LC3_C49', type is buried 
-- synthesized logic cell 
_LC3_C49 = LCELL( _EQ065);
  _EQ065 =  _LC1_F34
         # !_LC1_E27
         # !_LC1_F50 & !_LC2_F49
         #  _LC1_F50 &  _LC2_F49;

-- Node name is '|K7SEG:7|:441' 
-- Equation name is '_LC6_C49', type is buried 
!_LC6_C49 = _LC6_C49~NOT;
_LC6_C49~NOT = LCELL( _EQ066);
  _EQ066 = !_LC1_F34 &  _LC1_F50 &  _LC2_F49
         #  _LC1_E27 &  _LC1_F34 &  _LC1_F50 & !_LC2_F49
         # !_LC1_E27 & !_LC1_F34 &  _LC2_F49
         # !_LC1_E27 & !_LC1_F34 &  _LC1_F50;

-- Node name is '|K7SEG:7|:458' 
-- Equation name is '_LC7_C49', type is buried 
!_LC7_C49 = _LC7_C49~NOT;
_LC7_C49~NOT = LCELL( _EQ067);
  _EQ067 = !_LC1_F34
         # !_LC1_E27
         # !_LC1_F50 & !_LC2_F49;

-- Node name is '|K7SEG:7|:473' 
-- Equation name is '_LC5_C48', type is buried 
!_LC5_C48 = _LC5_C48~NOT;
_LC5_C48~NOT = LCELL( _EQ068);
  _EQ068 =  _LC4_C49
         #  _LC4_C48 & !_LC5_C49 & !_LC7_C49;

-- Node name is '|K7SEG:7|~483~1' 
-- Equation name is '_LC3_C32', type is buried 
-- synthesized logic cell 
_LC3_C32 = LCELL( _EQ069);
  _EQ069 = !_LC2_F49
         #  _LC1_F34
         #  _LC1_E27;

-- Node name is '|K7SEG:7|~483~2' 
-- Equation name is '_LC5_C32', type is buried 
-- synthesized logic cell 
_LC5_C32 = LCELL( _EQ070);
  _EQ070 = !_LC1_C49 &  _LC3_C32;

-- Node name is '|K7SEG:7|~491~1' 
-- Equation name is '_LC4_C32', type is buried 
-- synthesized logic cell 
_LC4_C32 = LCELL( _EQ071);
  _EQ071 =  _LC1_C32
         #  _LC2_C32;

-- Node name is '|K7SEG:7|:491' 
-- Equation name is '_LC6_C48', type is buried 
!_LC6_C48 = _LC6_C48~NOT;
_LC6_C48~NOT = LCELL( _EQ072);
  _EQ072 =  _LC4_C32
         #  _LC3_C49 &  _LC5_C32 & !_LC5_C48;



Project Information     c:\documents and settings\oxf8548\desktop\tst\blah.rpt

** COMPILATION SETTINGS & TIMES **

Processing Menu Commands
------------------------

Design Doctor                             = off

Logic Synthesis:

   Synthesis Type Used                    = Multi-Level

   Default Synthesis Style                = NORMAL

      Logic option settings in 'NORMAL' style for 'FLEX10K' family

      CARRY_CHAIN                         = ignore
      CARRY_CHAIN_LENGTH                  = 32
      CASCADE_CHAIN                       = ignore
      CASCADE_CHAIN_LENGTH                = 2
      DECOMPOSE_GATES                     = on
      DUPLICATE_LOGIC_EXTRACTION          = on
      MINIMIZATION                        = full
      MULTI_LEVEL_FACTORING               = on
      NOT_GATE_PUSH_BACK                  = on
      REDUCE_LOGIC                        = on
      REFACTORIZATION                     = on
      REGISTER_OPTIMIZATION               = on
      RESYNTHESIZE_NETWORK                = on
      SLOW_SLEW_RATE                      = off
      SUBFACTOR_EXTRACTION                = on
      IGNORE_SOFT_BUFFERS                 = on
      USE_LPM_FOR_AHDL_OPERATORS          = off

   Other logic synthesis settings:

      Automatic Global Clock              = on
      Automatic Global Clear              = on
      Automatic Global Preset             = on
      Automatic Global Output Enable      = on
      Automatic Fast I/O                  = off
      Automatic Register Packing          = off
      Automatic Open-Drain Pins           = on
      Automatic Implement in EAB          = off
      Optimize                            = 5

Default Timing Specifications: None

Cut All Bidir Feedback Timing Paths       = on
Cut All Clear & Preset Timing Paths       = on

Ignore Timing Assignments                 = off

Functional SNF Extractor                  = off

Linked SNF Extractor                      = off
Timing SNF Extractor                      = on
Optimize Timing SNF                       = off
Generate AHDL TDO File                    = off
Fitter Settings                           = NORMAL
Use Quartus Fitter                        = on
Smart Recompile                           = off
Total Recompile                           = off

Interfaces Menu Commands
------------------------

EDIF Netlist Writer                       = off
Verilog Netlist Writer                    = off
VHDL Netlist Writer                       = off

Compilation Times
-----------------

   Compiler Netlist Extractor             00:00:00
   Database Builder                       00:00:00
   Logic Synthesizer                      00:00:01
   Partitioner                            00:00:00
   Fitter                                 00:00:06
   Timing SNF Extractor                   00:00:00
   Assembler                              00:00:02
   --------------------------             --------
   Total Time                             00:00:09


Memory Allocated
-----------------

Peak memory allocated during compilation  = 41,554K
