Project Information    c:\documents and settings\oxf8548\desktop\tst\k7seg.rpt

MAX+plus II Compiler Report File
Version 10.2 07/10/2002
Compiled: 02/18/2005 19:25:39

Copyright (C) 1988-2002 Altera Corporation
Any megafunction design, and related net list (encrypted or decrypted),
support information, device programming or simulation file, and any other
associated documentation or information provided by Altera or a partner
under Altera's Megafunction Partnership Program may be used only to
program PLD devices (but not masked PLD devices) from Altera.  Any other
use of such megafunction design, net list, support information, device
programming or simulation file, or any other related documentation or
information is prohibited for any other purpose, including, but not
limited to modification, reverse engineering, de-compiling, or use with
any other silicon devices, unless such use is explicitly licensed under
a separate agreement with Altera or a megafunction partner.  Title to
the intellectual property, including patents, copyrights, trademarks,
trade secrets, or maskworks, embodied in any such megafunction design,
net list, support information, device programming or simulation file, or
any other related documentation or information provided by Altera or a
megafunction partner, remains with Altera, the megafunction partner, or
their respective licensors.  No other licenses, including any licenses
needed under any third party's intellectual property, are provided herein.



***** Project compilation was successful


K7SEG


** DEVICE SUMMARY **

Chip/                     Input Output Bidir  Memory  Memory  			 LCs
POF       Device          Pins  Pins   Pins   Bits % Utilized  LCs  % Utilized

k7seg     EPF10K10LC84-3   4      7      0    0         0  %    22       3  %

User Pins:                 4      7      0  



Device-Specific Information:c:\documents and settings\oxf8548\desktop\tst\k7seg.rpt
k7seg

***** Logic for device 'k7seg' compiled without errors.




Device: EPF10K10LC84-3

FLEX 10K Configuration Scheme: Passive Serial

Device Options:
    User-Supplied Start-Up Clock               = OFF
    Auto-Restart Configuration on Frame Error  = OFF
    Release Clears Before Tri-States           = OFF
    Enable Chip_Wide Reset                     = OFF
    Enable Chip-Wide Output Enable             = OFF
    Enable INIT_DONE Output                    = OFF
    JTAG User Code                             = 7f

                                                                         ^     
                                                                         C     
                R  R  R  R  R  R  R     R           R     R  R  R  R     O     
                E  E  E  E  E  E  E     E           E     E  E  E  E     N     
                S  S  S  S  S  S  S  V  S     G     S  G  S  S  S  S     F     
                E  E  E  E  E  E  E  C  E     N     E  N  E  E  E  E     _  ^  
                R  R  R  R  R  R  R  C  R  D  D  D  R  D  R  R  R  R  #  D  n  
                V  V  V  V  V  V  V  I  V  I  I  I  V  I  V  V  V  V  T  O  C  
                E  E  E  E  E  E  E  N  E  N  N  N  E  N  E  E  E  E  C  N  E  
                D  D  D  D  D  D  D  T  D  3  T  1  D  T  D  D  D  D  K  E  O  
              -----------------------------------------------------------------_ 
            /  11 10  9  8  7  6  5  4  3  2  1 84 83 82 81 80 79 78 77 76 75   | 
    ^DATA0 | 12                                                              74 | #TDO 
     ^DCLK | 13                                                              73 | RESERVED 
      ^nCE | 14                                                              72 | RESERVED 
      #TDI | 15                                                              71 | RESERVED 
  RESERVED | 16                                                              70 | RESERVED 
  RESERVED | 17                                                              69 | RESERVED 
  RESERVED | 18                                                              68 | GNDINT 
  RESERVED | 19                                                              67 | DOUT5 
    VCCINT | 20                                                              66 | DOUT6 
     DOUT3 | 21                                                              65 | DOUT0 
     DOUT4 | 22                        EPF10K10LC84-3                        64 | DOUT1 
  RESERVED | 23                                                              63 | VCCINT 
     DOUT2 | 24                                                              62 | RESERVED 
  RESERVED | 25                                                              61 | RESERVED 
    GNDINT | 26                                                              60 | RESERVED 
  RESERVED | 27                                                              59 | RESERVED 
  RESERVED | 28                                                              58 | RESERVED 
  RESERVED | 29                                                              57 | #TMS 
  RESERVED | 30                                                              56 | #TRST 
    ^MSEL0 | 31                                                              55 | ^nSTATUS 
    ^MSEL1 | 32                                                              54 | RESERVED 
           |_  33 34 35 36 37 38 39 40 41 42 43 44 45 46 47 48 49 50 51 52 53  _| 
             ------------------------------------------------------------------ 
                V  ^  R  R  R  R  R  V  G  D  G  D  V  G  R  R  R  R  R  R  R  
                C  n  E  E  E  E  E  C  N  I  N  I  C  N  E  E  E  E  E  E  E  
                C  C  S  S  S  S  S  C  D  N  D  N  C  D  S  S  S  S  S  S  S  
                I  O  E  E  E  E  E  I  I  0  I  2  I  I  E  E  E  E  E  E  E  
                N  N  R  R  R  R  R  N  N     N     N  N  R  R  R  R  R  R  R  
                T  F  V  V  V  V  V  T  T     T     T  T  V  V  V  V  V  V  V  
                   I  E  E  E  E  E                       E  E  E  E  E  E  E  
                   G  D  D  D  D  D                       D  D  D  D  D  D  D  
                                                                               
                                                                               


N.C. = No Connect. This pin has no internal connection to the device.
VCCINT = Dedicated power pin, which MUST be connected to VCC (5.0 volts).
VCCIO = Dedicated power pin, which MUST be connected to VCC (5.0 volts).
GNDINT = Dedicated ground pin or unused dedicated input, which MUST be connected to GND.
GNDIO = Dedicated ground pin, which MUST be connected to GND.
RESERVED = Unused I/O pin, which MUST be left unconnected.

^ = Dedicated configuration pin.
+ = Reserved configuration pin, which is tri-stated during user mode.
* = Reserved configuration pin, which drives out in user mode.
PDn = Power Down pin. 
@ = Special-purpose pin. 
# = JTAG Boundary-Scan Testing/In-System Programming or Configuration Pin. The JTAG inputs TMS and TDI should be tied to VCC and TCK should be tied to GND when not in use.
& = JTAG pin used for I/O. When used as user I/O, JTAG pins must be kept stable before and during configuration.  JTAG pin stability prevents accidental loading of JTAG instructions.


Device-Specific Information:c:\documents and settings\oxf8548\desktop\tst\k7seg.rpt
k7seg

** RESOURCE USAGE **

Logic                Column       Row                                   
Array                Interconnect Interconnect         Clears/     External  
Block   Logic Cells  Driven       Driven       Clocks  Presets   Interconnect
B13      6/ 8( 75%)   0/ 8(  0%)   6/ 8( 75%)    0/2    0/2       4/22( 18%)   
B16      8/ 8(100%)   0/ 8(  0%)   3/ 8( 37%)    0/2    0/2       6/22( 27%)   
B17      8/ 8(100%)   0/ 8(  0%)   2/ 8( 25%)    0/2    0/2       6/22( 27%)   


Embedded             Column       Row                                   
Array     Embedded   Interconnect Interconnect         Read/      External  
Block     Cells      Driven       Driven       Clocks  Write    Interconnect


Total dedicated input pins used:                 4/6      ( 66%)
Total I/O pins used:                             7/53     ( 13%)
Total logic cells used:                         22/576    (  3%)
Total embedded cells used:                       0/24     (  0%)
Total EABs used:                                 0/3      (  0%)
Average fan-in:                                 3.81/4    ( 95%)
Total fan-in:                                  84/2304    (  3%)

Total input pins required:                       4
Total input I/O cell registers required:         0
Total output pins required:                      7
Total output I/O cell registers required:        0
Total buried I/O cell registers required:        0
Total bidirectional pins required:               0
Total reserved pins required                     0
Total logic cells required:                     22
Total flipflops required:                        0
Total packed registers required:                 0
Total logic cells in carry chains:               0
Total number of carry chains:                    0
Total logic cells in cascade chains:             0
Total number of cascade chains:                  0
Total single-pin Clock Enables required:         0
Total single-pin Output Enables required:        0

Synthesized logic cells:                         3/ 576   (  0%)

Logic Cell and Embedded Cell Counts

Column:  01  02  03  04  05  06  07  08  09  10  11  12  EA  13  14  15  16  17  18  19  20  21  22  23  24  Total(LC/EC)
 A:      0   0   0   0   0   0   0   0   0   0   0   0   0   0   0   0   0   0   0   0   0   0   0   0   0      0/0  
 B:      0   0   0   0   0   0   0   0   0   0   0   0   0   6   0   0   8   8   0   0   0   0   0   0   0     22/0  
 C:      0   0   0   0   0   0   0   0   0   0   0   0   0   0   0   0   0   0   0   0   0   0   0   0   0      0/0  

Total:   0   0   0   0   0   0   0   0   0   0   0   0   0   6   0   0   8   8   0   0   0   0   0   0   0     22/0  



Device-Specific Information:c:\documents and settings\oxf8548\desktop\tst\k7seg.rpt
k7seg

** INPUTS **

                                                    Fan-In    Fan-Out
 Pin     LC     EC   Row  Col  Primitive    Code      INP  FBK  OUT  FBK  Name
  42      -     -    -    --      INPUT                0    0    0   15  DIN0
  84      -     -    -    --      INPUT                0    0    0   16  DIN1
  44      -     -    -    --      INPUT                0    0    0   16  DIN2
   2      -     -    -    --      INPUT                0    0    0   16  DIN3


Code:

s = Synthesized pin or logic cell
+ = Synchronous flipflop
/ = Slow slew-rate output
! = NOT gate push-back
r = Fitter-inserted logic cell
@ = Uses single-pin Clock Enable
& = Uses single-pin Output Enable


Device-Specific Information:c:\documents and settings\oxf8548\desktop\tst\k7seg.rpt
k7seg

** OUTPUTS **

       Fed By Fed By                                Fan-In    Fan-Out
 Pin     LC     EC   Row  Col  Primitive    Code      INP  FBK  OUT  FBK  Name
  65      -     -    B    --     OUTPUT                0    1    0    0  DOUT0
  64      -     -    B    --     OUTPUT                0    1    0    0  DOUT1
  24      -     -    B    --     OUTPUT                0    1    0    0  DOUT2
  21      -     -    B    --     OUTPUT                0    1    0    0  DOUT3
  22      -     -    B    --     OUTPUT                0    1    0    0  DOUT4
  67      -     -    B    --     OUTPUT                0    1    0    0  DOUT5
  66      -     -    B    --     OUTPUT                0    1    0    0  DOUT6


Code:

s = Synthesized pin or logic cell
+ = Synchronous flipflop
/ = Slow slew-rate output
! = NOT gate push-back
r = Fitter-inserted logic cell
@ = Uses single-pin Clock Enable
& = Uses single-pin Output Enable


Device-Specific Information:c:\documents and settings\oxf8548\desktop\tst\k7seg.rpt
k7seg

** BURIED LOGIC **

                                                    Fan-In    Fan-Out
 IOC     LC     EC   Row  Col  Primitive    Code      INP  FBK  OUT  FBK  Name
   -      2     -    B    16       AND2                4    0    0    2  :28
   -      7     -    B    16        OR2        !       4    0    0    2  :33
   -      4     -    B    16        OR2        !       4    0    0    1  :38
   -      3     -    B    16        OR2        !       4    0    0    1  :43
   -      4     -    B    17       AND2                4    0    0    2  :48
   -      5     -    B    17        OR2        !       4    0    0    2  :63
   -      7     -    B    17        OR2        !       4    0    0    1  :78
   -      3     -    B    13        OR2                4    0    1    0  :201
   -      1     -    B    13        OR2                4    0    1    0  :249
   -      2     -    B    13        OR2                4    0    1    0  :297
   -      4     -    B    13        OR2                4    0    0    1  :312
   -      8     -    B    17        OR2                0    3    0    1  :321
   -      1     -    B    17        OR2                0    4    0    1  :338
   -      1     -    B    16        OR2                0    4    1    0  :345
   -      6     -    B    13        OR2                4    0    1    0  :393
   -      6     -    B    17       AND2    s           3    0    0    1  ~417~1
   -      5     -    B    13        OR2                4    0    0    1  :417
   -      3     -    B    17        OR2    s           4    0    0    2  ~429~1
   -      2     -    B    17        OR2                0    4    0    1  :429
   -      6     -    B    16        OR2                0    4    1    0  :441
   -      5     -    B    16       AND2    s   !       0    2    0    2  ~483~1
   -      8     -    B    16        OR2                4    0    1    0  :491


Code:

s = Synthesized pin or logic cell
+ = Synchronous flipflop
/ = Slow slew-rate output
! = NOT gate push-back
r = Fitter-inserted logic cell
p = Packed register


Device-Specific Information:c:\documents and settings\oxf8548\desktop\tst\k7seg.rpt
k7seg

** FASTTRACK INTERCONNECT UTILIZATION **

Row FastTrack Interconnect:

          Global         Left Half-      Right Half-
         FastTrack       FastTrack       FastTrack 
Row     Interconnect    Interconnect    Interconnect    Input Pins     Output Pins     Bidir Pins
A:       0/ 96(  0%)     0/ 48(  0%)     0/ 48(  0%)    0/16(  0%)      0/16(  0%)     0/16(  0%)
B:       3/ 96(  3%)     0/ 48(  0%)     8/ 48( 16%)    0/16(  0%)      7/16( 43%)     0/16(  0%)
C:       0/ 96(  0%)     0/ 48(  0%)     0/ 48(  0%)    0/16(  0%)      0/16(  0%)     0/16(  0%)


Column FastTrack Interconnect:

         FastTrack                                 
Column  Interconnect    Input Pins     Output Pins     Bidir Pins
01:      0/24(  0%)     0/4(  0%)      0/4(  0%)       0/4(  0%)
02:      0/24(  0%)     0/4(  0%)      0/4(  0%)       0/4(  0%)
03:      0/24(  0%)     0/4(  0%)      0/4(  0%)       0/4(  0%)
04:      0/24(  0%)     0/4(  0%)      0/4(  0%)       0/4(  0%)
05:      0/24(  0%)     0/4(  0%)      0/4(  0%)       0/4(  0%)
06:      0/24(  0%)     0/4(  0%)      0/4(  0%)       0/4(  0%)
07:      0/24(  0%)     0/4(  0%)      0/4(  0%)       0/4(  0%)
08:      0/24(  0%)     0/4(  0%)      0/4(  0%)       0/4(  0%)
09:      0/24(  0%)     0/4(  0%)      0/4(  0%)       0/4(  0%)
10:      0/24(  0%)     0/4(  0%)      0/4(  0%)       0/4(  0%)
11:      0/24(  0%)     0/4(  0%)      0/4(  0%)       0/4(  0%)
12:      0/24(  0%)     0/4(  0%)      0/4(  0%)       0/4(  0%)
13:      0/24(  0%)     0/4(  0%)      0/4(  0%)       0/4(  0%)
14:      0/24(  0%)     0/4(  0%)      0/4(  0%)       0/4(  0%)
15:      0/24(  0%)     0/4(  0%)      0/4(  0%)       0/4(  0%)
16:      0/24(  0%)     0/4(  0%)      0/4(  0%)       0/4(  0%)
17:      0/24(  0%)     0/4(  0%)      0/4(  0%)       0/4(  0%)
18:      0/24(  0%)     0/4(  0%)      0/4(  0%)       0/4(  0%)
19:      0/24(  0%)     0/4(  0%)      0/4(  0%)       0/4(  0%)
20:      0/24(  0%)     0/4(  0%)      0/4(  0%)       0/4(  0%)
21:      0/24(  0%)     0/4(  0%)      0/4(  0%)       0/4(  0%)
22:      0/24(  0%)     0/4(  0%)      0/4(  0%)       0/4(  0%)
23:      0/24(  0%)     0/4(  0%)      0/4(  0%)       0/4(  0%)
24:      0/24(  0%)     0/4(  0%)      0/4(  0%)       0/4(  0%)
EA:      0/24(  0%)     0/4(  0%)      0/4(  0%)       0/4(  0%)


Device-Specific Information:c:\documents and settings\oxf8548\desktop\tst\k7seg.rpt
k7seg

** EQUATIONS **

DIN0     : INPUT;
DIN1     : INPUT;
DIN2     : INPUT;
DIN3     : INPUT;

-- Node name is 'DOUT0' 
-- Equation name is 'DOUT0', type is output 
DOUT0    =  _LC8_B16;

-- Node name is 'DOUT1' 
-- Equation name is 'DOUT1', type is output 
DOUT1    =  _LC6_B16;

-- Node name is 'DOUT2' 
-- Equation name is 'DOUT2', type is output 
DOUT2    =  _LC6_B13;

-- Node name is 'DOUT3' 
-- Equation name is 'DOUT3', type is output 
DOUT3    =  _LC1_B16;

-- Node name is 'DOUT4' 
-- Equation name is 'DOUT4', type is output 
DOUT4    =  _LC2_B13;

-- Node name is 'DOUT5' 
-- Equation name is 'DOUT5', type is output 
DOUT5    =  _LC1_B13;

-- Node name is 'DOUT6' 
-- Equation name is 'DOUT6', type is output 
DOUT6    =  _LC3_B13;

-- Node name is ':28' 
-- Equation name is '_LC2_B16', type is buried 
_LC2_B16 = LCELL( _EQ001);
  _EQ001 = !DIN0 & !DIN1 & !DIN2 & !DIN3;

-- Node name is ':33' 
-- Equation name is '_LC7_B16', type is buried 
!_LC7_B16 = _LC7_B16~NOT;
_LC7_B16~NOT = LCELL( _EQ002);
  _EQ002 =  DIN1
         # !DIN0
         #  DIN3
         #  DIN2;

-- Node name is ':38' 
-- Equation name is '_LC4_B16', type is buried 
!_LC4_B16 = _LC4_B16~NOT;
_LC4_B16~NOT = LCELL( _EQ003);
  _EQ003 = !DIN1
         #  DIN0
         #  DIN3
         #  DIN2;

-- Node name is ':43' 
-- Equation name is '_LC3_B16', type is buried 
!_LC3_B16 = _LC3_B16~NOT;
_LC3_B16~NOT = LCELL( _EQ004);
  _EQ004 = !DIN1
         # !DIN0
         #  DIN3
         #  DIN2;

-- Node name is ':48' 
-- Equation name is '_LC4_B17', type is buried 
_LC4_B17 = LCELL( _EQ005);
  _EQ005 = !DIN0 & !DIN1 &  DIN2 & !DIN3;

-- Node name is ':63' 
-- Equation name is '_LC5_B17', type is buried 
!_LC5_B17 = _LC5_B17~NOT;
_LC5_B17~NOT = LCELL( _EQ006);
  _EQ006 = !DIN1
         # !DIN0
         #  DIN3
         # !DIN2;

-- Node name is ':78' 
-- Equation name is '_LC7_B17', type is buried 
!_LC7_B17 = _LC7_B17~NOT;
_LC7_B17~NOT = LCELL( _EQ007);
  _EQ007 = !DIN1
         #  DIN0
         # !DIN3
         #  DIN2;

-- Node name is ':201' 
-- Equation name is '_LC3_B13', type is buried 
_LC3_B13 = LCELL( _EQ008);
  _EQ008 =  DIN1 &  DIN2
         # !DIN0 &  DIN1
         #  DIN1 & !DIN3
         # !DIN0 &  DIN3
         # !DIN1 & !DIN2 &  DIN3
         #  DIN0 &  DIN2 & !DIN3
         # !DIN0 & !DIN2;

-- Node name is ':249' 
-- Equation name is '_LC1_B13', type is buried 
_LC1_B13 = LCELL( _EQ009);
  _EQ009 =  DIN0 & !DIN1 &  DIN3
         # !DIN0 & !DIN1 & !DIN3
         #  DIN0 &  DIN1 & !DIN3
         # !DIN1 & !DIN2
         # !DIN0 & !DIN2;

-- Node name is ':297' 
-- Equation name is '_LC2_B13', type is buried 
_LC2_B13 = LCELL( _EQ010);
  _EQ010 =  DIN2 & !DIN3
         # !DIN2 &  DIN3
         # !DIN1 & !DIN2
         #  DIN0 & !DIN1
         # !DIN1 & !DIN3
         #  DIN0 & !DIN3;

-- Node name is ':312' 
-- Equation name is '_LC4_B13', type is buried 
_LC4_B13 = LCELL( _EQ011);
  _EQ011 =  DIN0 &  DIN1 & !DIN2 &  DIN3
         # !DIN0 &  DIN2 &  DIN3
         # !DIN1 &  DIN2 &  DIN3;

-- Node name is ':321' 
-- Equation name is '_LC8_B17', type is buried 
_LC8_B17 = LCELL( _EQ012);
  _EQ012 =  _LC6_B17
         #  _LC4_B13 & !_LC7_B17;

-- Node name is ':338' 
-- Equation name is '_LC1_B17', type is buried 
_LC1_B17 = LCELL( _EQ013);
  _EQ013 = !_LC4_B17 & !_LC5_B17 &  _LC8_B17
         #  _LC3_B17 & !_LC4_B17;

-- Node name is ':345' 
-- Equation name is '_LC1_B16', type is buried 
_LC1_B16 = LCELL( _EQ014);
  _EQ014 =  _LC1_B17 & !_LC7_B16
         #  _LC5_B16 & !_LC7_B16
         #  _LC2_B16;

-- Node name is ':393' 
-- Equation name is '_LC6_B13', type is buried 
_LC6_B13 = LCELL( _EQ015);
  _EQ015 = !DIN0 & !DIN2
         #  DIN1 &  DIN3
         #  DIN2 &  DIN3
         # !DIN0 &  DIN1
         # !DIN0 &  DIN3;

-- Node name is '~417~1' 
-- Equation name is '~417~1', location is LC6_B17, type is buried.
-- synthesized logic cell 
_LC6_B17 = LCELL( _EQ016);
  _EQ016 = !DIN1 & !DIN2 &  DIN3;

-- Node name is ':417' 
-- Equation name is '_LC5_B13', type is buried 
_LC5_B13 = LCELL( _EQ017);
  _EQ017 =  DIN1 &  DIN3
         # !DIN0 &  DIN3
         # !DIN2 &  DIN3;

-- Node name is '~429~1' 
-- Equation name is '~429~1', location is LC3_B17, type is buried.
-- synthesized logic cell 
_LC3_B17 = LCELL( _EQ018);
  _EQ018 =  DIN0 & !DIN1 &  DIN2 & !DIN3
         # !DIN0 &  DIN1 &  DIN2 & !DIN3;

-- Node name is ':429' 
-- Equation name is '_LC2_B17', type is buried 
_LC2_B17 = LCELL( _EQ019);
  _EQ019 =  _LC3_B17
         #  _LC4_B17
         #  _LC5_B13 & !_LC5_B17;

-- Node name is ':441' 
-- Equation name is '_LC6_B16', type is buried 
_LC6_B16 = LCELL( _EQ020);
  _EQ020 =  _LC2_B16
         #  _LC2_B17 & !_LC5_B16 & !_LC7_B16;

-- Node name is '~483~1' 
-- Equation name is '~483~1', location is LC5_B16, type is buried.
-- synthesized logic cell 
!_LC5_B16 = _LC5_B16~NOT;
_LC5_B16~NOT = LCELL( _EQ021);
  _EQ021 = !_LC3_B16 & !_LC4_B16;

-- Node name is ':491' 
-- Equation name is '_LC8_B16', type is buried 
_LC8_B16 = LCELL( _EQ022);
  _EQ022 = !DIN0 &  DIN2 & !DIN3
         # !DIN1 &  DIN2 & !DIN3
         #  DIN1 & !DIN2
         # !DIN2 &  DIN3
         #  DIN0 & !DIN1 &  DIN2
         # !DIN0 &  DIN1
         #  DIN1 &  DIN3;



Project Information    c:\documents and settings\oxf8548\desktop\tst\k7seg.rpt

** COMPILATION SETTINGS & TIMES **

Processing Menu Commands
------------------------

Design Doctor                             = off

Logic Synthesis:

   Synthesis Type Used                    = Multi-Level

   Default Synthesis Style                = NORMAL

      Logic option settings in 'NORMAL' style for 'FLEX10K' family

      CARRY_CHAIN                         = ignore
      CARRY_CHAIN_LENGTH                  = 32
      CASCADE_CHAIN                       = ignore
      CASCADE_CHAIN_LENGTH                = 2
      DECOMPOSE_GATES                     = on
      DUPLICATE_LOGIC_EXTRACTION          = on
      MINIMIZATION                        = full
      MULTI_LEVEL_FACTORING               = on
      NOT_GATE_PUSH_BACK                  = on
      REDUCE_LOGIC                        = on
      REFACTORIZATION                     = on
      REGISTER_OPTIMIZATION               = on
      RESYNTHESIZE_NETWORK                = on
      SLOW_SLEW_RATE                      = off
      SUBFACTOR_EXTRACTION                = on
      IGNORE_SOFT_BUFFERS                 = on
      USE_LPM_FOR_AHDL_OPERATORS          = off

   Other logic synthesis settings:

      Automatic Global Clock              = on
      Automatic Global Clear              = on
      Automatic Global Preset             = on
      Automatic Global Output Enable      = on
      Automatic Fast I/O                  = off
      Automatic Register Packing          = off
      Automatic Open-Drain Pins           = on
      Automatic Implement in EAB          = off
      Optimize                            = 5

Default Timing Specifications: None

Cut All Bidir Feedback Timing Paths       = on
Cut All Clear & Preset Timing Paths       = on

Ignore Timing Assignments                 = off

Functional SNF Extractor                  = off

Linked SNF Extractor                      = off
Timing SNF Extractor                      = on
Optimize Timing SNF                       = off
Generate AHDL TDO File                    = off
Fitter Settings                           = NORMAL
Use Quartus Fitter                        = on
Smart Recompile                           = off
Total Recompile                           = off

Interfaces Menu Commands
------------------------

EDIF Netlist Writer                       = off
Verilog Netlist Writer                    = off
VHDL Netlist Writer                       = off

Compilation Times
-----------------

   Compiler Netlist Extractor             00:00:00
   Database Builder                       00:00:00
   Logic Synthesizer                      00:00:00
   Partitioner                            00:00:01
   Fitter                                 00:00:02
   Timing SNF Extractor                   00:00:00
   Assembler                              00:00:00
   --------------------------             --------
   Total Time                             00:00:03


Memory Allocated
-----------------

Peak memory allocated during compilation  = 15,551K
