Project Informationc:\documents and settings\oxf8548\desktop\finalproject\alu.rpt

MAX+plus II Compiler Report File
Version 10.2 07/10/2002
Compiled: 02/18/2005 21:43:24

Copyright (C) 1988-2002 Altera Corporation
Any megafunction design, and related net list (encrypted or decrypted),
support information, device programming or simulation file, and any other
associated documentation or information provided by Altera or a partner
under Altera's Megafunction Partnership Program may be used only to
program PLD devices (but not masked PLD devices) from Altera.  Any other
use of such megafunction design, net list, support information, device
programming or simulation file, or any other related documentation or
information is prohibited for any other purpose, including, but not
limited to modification, reverse engineering, de-compiling, or use with
any other silicon devices, unless such use is explicitly licensed under
a separate agreement with Altera or a megafunction partner.  Title to
the intellectual property, including patents, copyrights, trademarks,
trade secrets, or maskworks, embodied in any such megafunction design,
net list, support information, device programming or simulation file, or
any other related documentation or information provided by Altera or a
megafunction partner, remains with Altera, the megafunction partner, or
their respective licensors.  No other licenses, including any licenses
needed under any third party's intellectual property, are provided herein.



***** Project compilation was successful




** DEVICE SUMMARY **

Chip/                     Input Output Bidir  Memory  Memory  			 LCs
POF       Device          Pins  Pins   Pins   Bits % Utilized  LCs  % Utilized

alu       EPF10K10LC84-3   10     32     0    0         0  %    34       5  %

User Pins:                 10     32     0  



Project Informationc:\documents and settings\oxf8548\desktop\finalproject\alu.rpt

** FILE HIERARCHY **



|reg8bit:1|
|reg8bit:4|
|reg8bit:3|
|reg8bit:2|
|mycount:5|
|mycount:5|lpm_counter:lpm_counter_component|
|mycount:5|lpm_counter:lpm_counter_component|f8count:p8c0|


Device-Specific Information:c:\documents and settings\oxf8548\desktop\finalproject\alu.rpt
alu

***** Logic for device 'alu' compiled without errors.




Device: EPF10K10LC84-3

FLEX 10K Configuration Scheme: Passive Serial

Device Options:
    User-Supplied Start-Up Clock               = OFF
    Auto-Restart Configuration on Frame Error  = OFF
    Release Clears Before Tri-States           = OFF
    Enable Chip_Wide Reset                     = OFF
    Enable Chip-Wide Output Enable             = OFF
    Enable INIT_DONE Output                    = OFF
    JTAG User Code                             = 7f

                                                                         ^     
                                                                         C     
                R     R        R                                         O     
                E  o  E        E                    o                    N     
                S  p  S        S     V     i  G  G  p  G                 F     
                E  c  E        E     C     n  N  N  c  N                 _  ^  
                R  o  R        R     C     p  D  D  o  D              #  D  n  
                V  d  V        V     I     u  I  I  d  I              T  O  C  
                E  e  E  x  y  E  y  N  x  t  N  N  e  N  x  x  z  y  C  N  E  
                D  6  D  6  6  D  1  T  7  6  T  T  0  T  1  0  0  0  K  E  O  
              -----------------------------------------------------------------_ 
            /  11 10  9  8  7  6  5  4  3  2  1 84 83 82 81 80 79 78 77 76 75   | 
    ^DATA0 | 12                                                              74 | #TDO 
     ^DCLK | 13                                                              73 | RESERVED 
      ^nCE | 14                                                              72 | RESERVED 
      #TDI | 15                                                              71 | y2 
    input1 | 16                                                              70 | y7 
        x2 | 17                                                              69 | RESERVED 
   opcode7 | 18                                                              68 | GNDINT 
        z6 | 19                                                              67 | y5 
    VCCINT | 20                                                              66 | input5 
  RESERVED | 21                                                              65 | opcode3 
    input3 | 22                        EPF10K10LC84-3                        64 | input0 
        y3 | 23                                                              63 | VCCINT 
    input2 | 24                                                              62 | y4 
        z7 | 25                                                              61 | input4 
    GNDINT | 26                                                              60 | opcode4 
        x3 | 27                                                              59 | RESERVED 
  RESERVED | 28                                                              58 | z1 
        z2 | 29                                                              57 | #TMS 
   opcode1 | 30                                                              56 | #TRST 
    ^MSEL0 | 31                                                              55 | ^nSTATUS 
    ^MSEL1 | 32                                                              54 | opcode5 
           |_  33 34 35 36 37 38 39 40 41 42 43 44 45 46 47 48 49 50 51 52 53  _| 
             ------------------------------------------------------------------ 
                V  ^  R  o  z  x  R  V  G  b  b  i  V  G  z  R  R  R  x  R  z  
                C  n  E  p  3  5  E  C  N  0  1  n  C  N  4  E  E  E  4  E  5  
                C  C  S  c        S  C  D        p  C  D     S  S  S     S     
                I  O  E  o        E  I  I        u  I  I     E  E  E     E     
                N  N  R  d        R  N  N        t  N  N     R  R  R     R     
                T  F  V  e        V  T  T        7  T  T     V  V  V     V     
                   I  E  2        E                          E  E  E     E     
                   G  D           D                          D  D  D     D     
                                                                               
                                                                               


N.C. = No Connect. This pin has no internal connection to the device.
VCCINT = Dedicated power pin, which MUST be connected to VCC (5.0 volts).
VCCIO = Dedicated power pin, which MUST be connected to VCC (5.0 volts).
GNDINT = Dedicated ground pin or unused dedicated input, which MUST be connected to GND.
GNDIO = Dedicated ground pin, which MUST be connected to GND.
RESERVED = Unused I/O pin, which MUST be left unconnected.

^ = Dedicated configuration pin.
+ = Reserved configuration pin, which is tri-stated during user mode.
* = Reserved configuration pin, which drives out in user mode.
PDn = Power Down pin. 
@ = Special-purpose pin. 
# = JTAG Boundary-Scan Testing/In-System Programming or Configuration Pin. The JTAG inputs TMS and TDI should be tied to VCC and TCK should be tied to GND when not in use.
& = JTAG pin used for I/O. When used as user I/O, JTAG pins must be kept stable before and during configuration.  JTAG pin stability prevents accidental loading of JTAG instructions.


Device-Specific Information:c:\documents and settings\oxf8548\desktop\finalproject\alu.rpt
alu

** RESOURCE USAGE **

Logic                Column       Row                                   
Array                Interconnect Interconnect         Clears/     External  
Block   Logic Cells  Driven       Driven       Clocks  Presets   Interconnect
A1       1/ 8( 12%)   1/ 8( 12%)   0/ 8(  0%)    1/2    0/2       3/22( 13%)   
A4       3/ 8( 37%)   2/ 8( 25%)   1/ 8( 12%)    1/2    0/2       3/22( 13%)   
A5       1/ 8( 12%)   1/ 8( 12%)   0/ 8(  0%)    1/2    0/2       3/22( 13%)   
A8       1/ 8( 12%)   1/ 8( 12%)   0/ 8(  0%)    1/2    0/2       3/22( 13%)   
A11      3/ 8( 37%)   2/ 8( 25%)   1/ 8( 12%)    1/2    0/2       3/22( 13%)   
A24      8/ 8(100%)   6/ 8( 75%)   3/ 8( 37%)    1/2    1/2       4/22( 18%)   
B10      2/ 8( 25%)   2/ 8( 25%)   0/ 8(  0%)    1/2    0/2       4/22( 18%)   
B18      4/ 8( 50%)   2/ 8( 25%)   2/ 8( 25%)    1/2    0/2       4/22( 18%)   
B20      1/ 8( 12%)   1/ 8( 12%)   0/ 8(  0%)    1/2    0/2       3/22( 13%)   
B22      4/ 8( 50%)   3/ 8( 37%)   1/ 8( 12%)    1/2    0/2       4/22( 18%)   
C13      6/ 8( 75%)   5/ 8( 62%)   2/ 8( 25%)    1/2    1/2       4/22( 18%)   


Embedded             Column       Row                                   
Array     Embedded   Interconnect Interconnect         Read/      External  
Block     Cells      Driven       Driven       Clocks  Write    Interconnect


Total dedicated input pins used:                 4/6      ( 66%)
Total I/O pins used:                            38/53     ( 71%)
Total logic cells used:                         34/576    (  5%)
Total embedded cells used:                       0/24     (  0%)
Total EABs used:                                 0/3      (  0%)
Average fan-in:                                 3.85/4    ( 96%)
Total fan-in:                                 131/2304    (  5%)

Total input pins required:                      10
Total input I/O cell registers required:         0
Total output pins required:                     32
Total output I/O cell registers required:        0
Total buried I/O cell registers required:        0
Total bidirectional pins required:               0
Total reserved pins required                     0
Total logic cells required:                     34
Total flipflops required:                       34
Total packed registers required:                 0
Total logic cells in carry chains:               0
Total number of carry chains:                    0
Total logic cells in cascade chains:             0
Total number of cascade chains:                  0
Total single-pin Clock Enables required:         0
Total single-pin Output Enables required:        0

Synthesized logic cells:                         0/ 576   (  0%)

Logic Cell and Embedded Cell Counts

Column:  01  02  03  04  05  06  07  08  09  10  11  12  EA  13  14  15  16  17  18  19  20  21  22  23  24  Total(LC/EC)
 A:      1   0   0   3   1   0   0   1   0   0   3   0   0   0   0   0   0   0   0   0   0   0   0   0   8     17/0  
 B:      0   0   0   0   0   0   0   0   0   2   0   0   0   0   0   0   0   0   4   0   1   0   4   0   0     11/0  
 C:      0   0   0   0   0   0   0   0   0   0   0   0   0   6   0   0   0   0   0   0   0   0   0   0   0      6/0  

Total:   1   0   0   3   1   0   0   1   0   2   3   0   0   6   0   0   0   0   4   0   1   0   4   0   8     34/0  



Device-Specific Information:c:\documents and settings\oxf8548\desktop\finalproject\alu.rpt
alu

** INPUTS **

                                                    Fan-In    Fan-Out
 Pin     LC     EC   Row  Col  Primitive    Code      INP  FBK  OUT  FBK  Name
  42      -     -    -    --      INPUT  G             0    0    0    0  b0
  43      -     -    -    --      INPUT  G             0    0    0    0  b1
  64      -     -    B    --      INPUT                0    0    0    4  input0
  16      -     -    A    --      INPUT                0    0    0    4  input1
  24      -     -    B    --      INPUT                0    0    0    4  input2
  22      -     -    B    --      INPUT                0    0    0    4  input3
  61      -     -    C    --      INPUT                0    0    0    4  input4
  66      -     -    B    --      INPUT                0    0    0    4  input5
   2      -     -    -    --      INPUT                0    0    0    4  input6
  44      -     -    -    --      INPUT                0    0    0    4  input7


Code:

s = Synthesized pin or logic cell
+ = Synchronous flipflop
/ = Slow slew-rate output
! = NOT gate push-back
r = Fitter-inserted logic cell
@ = Uses single-pin Clock Enable
& = Uses single-pin Output Enable
G = Global Source. Fan-out destinations counted here do not include destinations
that are driven using global routing resources. Refer to the Auto Global Signals,
Clock Signals, Clear Signals, Synchronous Load Signals, and Synchronous Clear Signals
Sections of this Report File for information on which signals' fan-outs are used as
Clock, Clear, Preset, Output Enable, and synchronous Load signals.


Device-Specific Information:c:\documents and settings\oxf8548\desktop\finalproject\alu.rpt
alu

** OUTPUTS **

       Fed By Fed By                                Fan-In    Fan-Out
 Pin     LC     EC   Row  Col  Primitive    Code      INP  FBK  OUT  FBK  Name
  83      -     -    -    13     OUTPUT                0    1    0    0  opcode0
  30      -     -    C    --     OUTPUT                0    1    0    0  opcode1
  36      -     -    -    07     OUTPUT                0    1    0    0  opcode2
  65      -     -    B    --     OUTPUT                0    1    0    0  opcode3
  60      -     -    C    --     OUTPUT                0    1    0    0  opcode4
  54      -     -    -    21     OUTPUT                0    1    0    0  opcode5
  10      -     -    -    01     OUTPUT                0    1    0    0  opcode6
  18      -     -    A    --     OUTPUT                0    1    0    0  opcode7
  80      -     -    -    23     OUTPUT                0    1    0    0  x0
  81      -     -    -    22     OUTPUT                0    1    0    0  x1
  17      -     -    A    --     OUTPUT                0    1    0    0  x2
  27      -     -    C    --     OUTPUT                0    1    0    0  x3
  51      -     -    -    18     OUTPUT                0    1    0    0  x4
  38      -     -    -    10     OUTPUT                0    1    0    0  x5
   8      -     -    -    03     OUTPUT                0    1    0    0  x6
   3      -     -    -    12     OUTPUT                0    1    0    0  x7
  78      -     -    -    24     OUTPUT                0    1    0    0  y0
   5      -     -    -    05     OUTPUT                0    1    0    0  y1
  71      -     -    A    --     OUTPUT                0    1    0    0  y2
  23      -     -    B    --     OUTPUT                0    1    0    0  y3
  62      -     -    C    --     OUTPUT                0    1    0    0  y4
  67      -     -    B    --     OUTPUT                0    1    0    0  y5
   7      -     -    -    03     OUTPUT                0    1    0    0  y6
  70      -     -    A    --     OUTPUT                0    1    0    0  y7
  79      -     -    -    24     OUTPUT                0    1    0    0  z0
  58      -     -    C    --     OUTPUT                0    1    0    0  z1
  29      -     -    C    --     OUTPUT                0    1    0    0  z2
  37      -     -    -    09     OUTPUT                0    1    0    0  z3
  47      -     -    -    14     OUTPUT                0    1    0    0  z4
  53      -     -    -    20     OUTPUT                0    1    0    0  z5
  19      -     -    A    --     OUTPUT                0    1    0    0  z6
  25      -     -    B    --     OUTPUT                0    1    0    0  z7


Code:

s = Synthesized pin or logic cell
+ = Synchronous flipflop
/ = Slow slew-rate output
! = NOT gate push-back
r = Fitter-inserted logic cell
@ = Uses single-pin Clock Enable
& = Uses single-pin Output Enable


Device-Specific Information:c:\documents and settings\oxf8548\desktop\finalproject\alu.rpt
alu

** BURIED LOGIC **

                                                    Fan-In    Fan-Out
 IOC     LC     EC   Row  Col  Primitive    Code      INP  FBK  OUT  FBK  Name
   -      1     -    A    24       DFFE   +            0    1    0   32  |mycount:5|lpm_counter:lpm_counter_component|f8count:p8c0|QB (|mycount:5|lpm_counter:lpm_counter_component|f8count:p8c0|:7)
   -      3     -    C    13       DFFE   +            0    0    0   33  |mycount:5|lpm_counter:lpm_counter_component|f8count:p8c0|QA (|mycount:5|lpm_counter:lpm_counter_component|f8count:p8c0|:8)
   -      6     -    A    11       DFFE   +            1    2    1    0  |REG8BIT:1|data_tmp7 (|REG8BIT:1|:19)
   -      1     -    A    04       DFFE   +            1    2    1    0  |REG8BIT:1|data_tmp6 (|REG8BIT:1|:20)
   -      1     -    B    10       DFFE   +            1    2    1    0  |REG8BIT:1|data_tmp5 (|REG8BIT:1|:21)
   -      6     -    B    18       DFFE   +            1    2    1    0  |REG8BIT:1|data_tmp4 (|REG8BIT:1|:22)
   -      1     -    B    18       DFFE   +            1    2    1    0  |REG8BIT:1|data_tmp3 (|REG8BIT:1|:23)
   -      3     -    A    24       DFFE   +            1    2    1    0  |REG8BIT:1|data_tmp2 (|REG8BIT:1|:24)
   -      2     -    B    22       DFFE   +            1    2    1    0  |REG8BIT:1|data_tmp1 (|REG8BIT:1|:25)
   -      6     -    A    24       DFFE   +            1    2    1    0  |REG8BIT:1|data_tmp0 (|REG8BIT:1|:26)
   -      8     -    A    11       DFFE   +            1    2    1    0  |REG8BIT:2|data_tmp7 (|REG8BIT:2|:19)
   -      7     -    A    04       DFFE   +            1    2    1    0  |REG8BIT:2|data_tmp6 (|REG8BIT:2|:20)
   -      2     -    B    20       DFFE   +            1    2    1    0  |REG8BIT:2|data_tmp5 (|REG8BIT:2|:21)
   -      2     -    C    13       DFFE   +            1    2    1    0  |REG8BIT:2|data_tmp4 (|REG8BIT:2|:22)
   -      4     -    B    10       DFFE   +            1    2    1    0  |REG8BIT:2|data_tmp3 (|REG8BIT:2|:23)
   -      5     -    A    24       DFFE   +            1    2    1    0  |REG8BIT:2|data_tmp2 (|REG8BIT:2|:24)
   -      7     -    A    24       DFFE   +            1    2    1    0  |REG8BIT:2|data_tmp1 (|REG8BIT:2|:25)
   -      8     -    A    24       DFFE   +            1    2    1    0  |REG8BIT:2|data_tmp0 (|REG8BIT:2|:26)
   -      5     -    C    13       DFFE   +            1    2    1    0  |REG8BIT:3|data_tmp7 (|REG8BIT:3|:19)
   -      4     -    A    04       DFFE   +            1    2    1    0  |REG8BIT:3|data_tmp6 (|REG8BIT:3|:20)
   -      1     -    B    22       DFFE   +            1    2    1    0  |REG8BIT:3|data_tmp5 (|REG8BIT:3|:21)
   -      1     -    C    13       DFFE   +            1    2    1    0  |REG8BIT:3|data_tmp4 (|REG8BIT:3|:22)
   -      4     -    B    18       DFFE   +            1    2    1    0  |REG8BIT:3|data_tmp3 (|REG8BIT:3|:23)
   -      4     -    A    24       DFFE   +            1    2    1    0  |REG8BIT:3|data_tmp2 (|REG8BIT:3|:24)
   -      1     -    A    05       DFFE   +            1    2    1    0  |REG8BIT:3|data_tmp1 (|REG8BIT:3|:25)
   -      2     -    A    24       DFFE   +            1    2    1    0  |REG8BIT:3|data_tmp0 (|REG8BIT:3|:26)
   -      5     -    A    11       DFFE   +            1    2    1    0  |REG8BIT:4|data_tmp7 (|REG8BIT:4|:19)
   -      2     -    A    01       DFFE   +            1    2    1    0  |REG8BIT:4|data_tmp6 (|REG8BIT:4|:20)
   -      5     -    B    22       DFFE   +            1    2    1    0  |REG8BIT:4|data_tmp5 (|REG8BIT:4|:21)
   -      4     -    C    13       DFFE   +            1    2    1    0  |REG8BIT:4|data_tmp4 (|REG8BIT:4|:22)
   -      5     -    B    18       DFFE   +            1    2    1    0  |REG8BIT:4|data_tmp3 (|REG8BIT:4|:23)
   -      4     -    A    08       DFFE   +            1    2    1    0  |REG8BIT:4|data_tmp2 (|REG8BIT:4|:24)
   -      6     -    B    22       DFFE   +            1    2    1    0  |REG8BIT:4|data_tmp1 (|REG8BIT:4|:25)
   -      7     -    C    13       DFFE   +            1    2    1    0  |REG8BIT:4|data_tmp0 (|REG8BIT:4|:26)


Code:

s = Synthesized pin or logic cell
+ = Synchronous flipflop
/ = Slow slew-rate output
! = NOT gate push-back
r = Fitter-inserted logic cell
p = Packed register


Device-Specific Information:c:\documents and settings\oxf8548\desktop\finalproject\alu.rpt
alu

** FASTTRACK INTERCONNECT UTILIZATION **

Row FastTrack Interconnect:

          Global         Left Half-      Right Half-
         FastTrack       FastTrack       FastTrack 
Row     Interconnect    Interconnect    Interconnect    Input Pins     Output Pins     Bidir Pins
A:       8/ 96(  8%)     2/ 48(  4%)     4/ 48(  8%)    1/16(  6%)      5/16( 31%)     0/16(  0%)
B:       7/ 96(  7%)     1/ 48(  2%)     6/ 48( 12%)    4/16( 25%)      4/16( 25%)     0/16(  0%)
C:       4/ 96(  4%)     0/ 48(  0%)     5/ 48( 10%)    1/16(  6%)      6/16( 37%)     0/16(  0%)


Column FastTrack Interconnect:

         FastTrack                                 
Column  Interconnect    Input Pins     Output Pins     Bidir Pins
01:      1/24(  4%)     0/4(  0%)      1/4( 25%)       0/4(  0%)
02:      0/24(  0%)     0/4(  0%)      0/4(  0%)       0/4(  0%)
03:      2/24(  8%)     0/4(  0%)      2/4( 50%)       0/4(  0%)
04:      0/24(  0%)     0/4(  0%)      0/4(  0%)       0/4(  0%)
05:      1/24(  4%)     0/4(  0%)      1/4( 25%)       0/4(  0%)
06:      0/24(  0%)     0/4(  0%)      0/4(  0%)       0/4(  0%)
07:      1/24(  4%)     0/4(  0%)      1/4( 25%)       0/4(  0%)
08:      0/24(  0%)     0/4(  0%)      0/4(  0%)       0/4(  0%)
09:      1/24(  4%)     0/4(  0%)      1/4( 25%)       0/4(  0%)
10:      1/24(  4%)     0/4(  0%)      1/4( 25%)       0/4(  0%)
11:      1/24(  4%)     0/4(  0%)      0/4(  0%)       0/4(  0%)
12:      1/24(  4%)     0/4(  0%)      1/4( 25%)       0/4(  0%)
13:      3/24( 12%)     0/4(  0%)      1/4( 25%)       0/4(  0%)
14:      2/24(  8%)     0/4(  0%)      1/4( 25%)       0/4(  0%)
15:      1/24(  4%)     0/4(  0%)      0/4(  0%)       0/4(  0%)
16:      0/24(  0%)     0/4(  0%)      0/4(  0%)       0/4(  0%)
17:      0/24(  0%)     0/4(  0%)      0/4(  0%)       0/4(  0%)
18:      3/24( 12%)     0/4(  0%)      1/4( 25%)       0/4(  0%)
19:      0/24(  0%)     0/4(  0%)      0/4(  0%)       0/4(  0%)
20:      2/24(  8%)     0/4(  0%)      1/4( 25%)       0/4(  0%)
21:      2/24(  8%)     0/4(  0%)      1/4( 25%)       0/4(  0%)
22:      1/24(  4%)     0/4(  0%)      1/4( 25%)       0/4(  0%)
23:      2/24(  8%)     0/4(  0%)      1/4( 25%)       0/4(  0%)
24:      5/24( 20%)     0/4(  0%)      2/4( 50%)       0/4(  0%)
EA:      0/24(  0%)     0/4(  0%)      0/4(  0%)       0/4(  0%)


Device-Specific Information:c:\documents and settings\oxf8548\desktop\finalproject\alu.rpt
alu

** CLOCK SIGNALS **

Type     Fan-out       Name
INPUT       34         b1


Device-Specific Information:c:\documents and settings\oxf8548\desktop\finalproject\alu.rpt
alu

** CLEAR SIGNALS **

Type     Fan-out       Name
INPUT        2         b0


Device-Specific Information:c:\documents and settings\oxf8548\desktop\finalproject\alu.rpt
alu

** EQUATIONS **

b0       : INPUT;
b1       : INPUT;
input0   : INPUT;
input1   : INPUT;
input2   : INPUT;
input3   : INPUT;
input4   : INPUT;
input5   : INPUT;
input6   : INPUT;
input7   : INPUT;

-- Node name is 'opcode0' 
-- Equation name is 'opcode0', type is output 
opcode0  =  _LC7_C13;

-- Node name is 'opcode1' 
-- Equation name is 'opcode1', type is output 
opcode1  =  _LC6_B22;

-- Node name is 'opcode2' 
-- Equation name is 'opcode2', type is output 
opcode2  =  _LC4_A8;

-- Node name is 'opcode3' 
-- Equation name is 'opcode3', type is output 
opcode3  =  _LC5_B18;

-- Node name is 'opcode4' 
-- Equation name is 'opcode4', type is output 
opcode4  =  _LC4_C13;

-- Node name is 'opcode5' 
-- Equation name is 'opcode5', type is output 
opcode5  =  _LC5_B22;

-- Node name is 'opcode6' 
-- Equation name is 'opcode6', type is output 
opcode6  =  _LC2_A1;

-- Node name is 'opcode7' 
-- Equation name is 'opcode7', type is output 
opcode7  =  _LC5_A11;

-- Node name is 'x0' 
-- Equation name is 'x0', type is output 
x0       =  _LC6_A24;

-- Node name is 'x1' 
-- Equation name is 'x1', type is output 
x1       =  _LC2_B22;

-- Node name is 'x2' 
-- Equation name is 'x2', type is output 
x2       =  _LC3_A24;

-- Node name is 'x3' 
-- Equation name is 'x3', type is output 
x3       =  _LC1_B18;

-- Node name is 'x4' 
-- Equation name is 'x4', type is output 
x4       =  _LC6_B18;

-- Node name is 'x5' 
-- Equation name is 'x5', type is output 
x5       =  _LC1_B10;

-- Node name is 'x6' 
-- Equation name is 'x6', type is output 
x6       =  _LC1_A4;

-- Node name is 'x7' 
-- Equation name is 'x7', type is output 
x7       =  _LC6_A11;

-- Node name is 'y0' 
-- Equation name is 'y0', type is output 
y0       =  _LC2_A24;

-- Node name is 'y1' 
-- Equation name is 'y1', type is output 
y1       =  _LC1_A5;

-- Node name is 'y2' 
-- Equation name is 'y2', type is output 
y2       =  _LC4_A24;

-- Node name is 'y3' 
-- Equation name is 'y3', type is output 
y3       =  _LC4_B18;

-- Node name is 'y4' 
-- Equation name is 'y4', type is output 
y4       =  _LC1_C13;

-- Node name is 'y5' 
-- Equation name is 'y5', type is output 
y5       =  _LC1_B22;

-- Node name is 'y6' 
-- Equation name is 'y6', type is output 
y6       =  _LC4_A4;

-- Node name is 'y7' 
-- Equation name is 'y7', type is output 
y7       =  _LC5_C13;

-- Node name is 'z0' 
-- Equation name is 'z0', type is output 
z0       =  _LC8_A24;

-- Node name is 'z1' 
-- Equation name is 'z1', type is output 
z1       =  _LC7_A24;

-- Node name is 'z2' 
-- Equation name is 'z2', type is output 
z2       =  _LC5_A24;

-- Node name is 'z3' 
-- Equation name is 'z3', type is output 
z3       =  _LC4_B10;

-- Node name is 'z4' 
-- Equation name is 'z4', type is output 
z4       =  _LC2_C13;

-- Node name is 'z5' 
-- Equation name is 'z5', type is output 
z5       =  _LC2_B20;

-- Node name is 'z6' 
-- Equation name is 'z6', type is output 
z6       =  _LC7_A4;

-- Node name is 'z7' 
-- Equation name is 'z7', type is output 
z7       =  _LC8_A11;

-- Node name is '|mycount:5|lpm_counter:lpm_counter_component|f8count:p8c0|:8' = '|mycount:5|lpm_counter:lpm_counter_component|f8count:p8c0|QA' 
-- Equation name is '_LC3_C13', type is buried 
_LC3_C13 = DFFE(!_LC3_C13, GLOBAL( b1), GLOBAL(!b0),  VCC,  VCC);

-- Node name is '|mycount:5|lpm_counter:lpm_counter_component|f8count:p8c0|:7' = '|mycount:5|lpm_counter:lpm_counter_component|f8count:p8c0|QB' 
-- Equation name is '_LC1_A24', type is buried 
_LC1_A24 = DFFE( _EQ001, GLOBAL( b1), GLOBAL(!b0),  VCC,  VCC);
  _EQ001 = !_LC1_A24 &  _LC3_C13
         #  _LC1_A24 & !_LC3_C13;

-- Node name is '|REG8BIT:1|:26' = '|REG8BIT:1|data_tmp0' 
-- Equation name is '_LC6_A24', type is buried 
_LC6_A24 = DFFE( _EQ002, GLOBAL( b1),  VCC,  VCC,  VCC);
  _EQ002 =  _LC3_C13 &  _LC6_A24
         #  _LC1_A24 &  _LC6_A24
         #  input0 & !_LC1_A24 & !_LC3_C13;

-- Node name is '|REG8BIT:1|:25' = '|REG8BIT:1|data_tmp1' 
-- Equation name is '_LC2_B22', type is buried 
_LC2_B22 = DFFE( _EQ003, GLOBAL( b1),  VCC,  VCC,  VCC);
  _EQ003 =  _LC2_B22 &  _LC3_C13
         #  _LC1_A24 &  _LC2_B22
         #  input1 & !_LC1_A24 & !_LC3_C13;

-- Node name is '|REG8BIT:1|:24' = '|REG8BIT:1|data_tmp2' 
-- Equation name is '_LC3_A24', type is buried 
_LC3_A24 = DFFE( _EQ004, GLOBAL( b1),  VCC,  VCC,  VCC);
  _EQ004 =  _LC3_A24 &  _LC3_C13
         #  _LC1_A24 &  _LC3_A24
         #  input2 & !_LC1_A24 & !_LC3_C13;

-- Node name is '|REG8BIT:1|:23' = '|REG8BIT:1|data_tmp3' 
-- Equation name is '_LC1_B18', type is buried 
_LC1_B18 = DFFE( _EQ005, GLOBAL( b1),  VCC,  VCC,  VCC);
  _EQ005 =  _LC1_B18 &  _LC3_C13
         #  _LC1_A24 &  _LC1_B18
         #  input3 & !_LC1_A24 & !_LC3_C13;

-- Node name is '|REG8BIT:1|:22' = '|REG8BIT:1|data_tmp4' 
-- Equation name is '_LC6_B18', type is buried 
_LC6_B18 = DFFE( _EQ006, GLOBAL( b1),  VCC,  VCC,  VCC);
  _EQ006 =  _LC3_C13 &  _LC6_B18
         #  _LC1_A24 &  _LC6_B18
         #  input4 & !_LC1_A24 & !_LC3_C13;

-- Node name is '|REG8BIT:1|:21' = '|REG8BIT:1|data_tmp5' 
-- Equation name is '_LC1_B10', type is buried 
_LC1_B10 = DFFE( _EQ007, GLOBAL( b1),  VCC,  VCC,  VCC);
  _EQ007 =  _LC1_B10 &  _LC3_C13
         #  _LC1_A24 &  _LC1_B10
         #  input5 & !_LC1_A24 & !_LC3_C13;

-- Node name is '|REG8BIT:1|:20' = '|REG8BIT:1|data_tmp6' 
-- Equation name is '_LC1_A4', type is buried 
_LC1_A4  = DFFE( _EQ008, GLOBAL( b1),  VCC,  VCC,  VCC);
  _EQ008 =  _LC1_A4 &  _LC3_C13
         #  _LC1_A4 &  _LC1_A24
         #  input6 & !_LC1_A24 & !_LC3_C13;

-- Node name is '|REG8BIT:1|:19' = '|REG8BIT:1|data_tmp7' 
-- Equation name is '_LC6_A11', type is buried 
_LC6_A11 = DFFE( _EQ009, GLOBAL( b1),  VCC,  VCC,  VCC);
  _EQ009 =  _LC3_C13 &  _LC6_A11
         #  _LC1_A24 &  _LC6_A11
         #  input7 & !_LC1_A24 & !_LC3_C13;

-- Node name is '|REG8BIT:2|:26' = '|REG8BIT:2|data_tmp0' 
-- Equation name is '_LC8_A24', type is buried 
_LC8_A24 = DFFE( _EQ010, GLOBAL( b1),  VCC,  VCC,  VCC);
  _EQ010 =  _LC3_C13 &  _LC8_A24
         # !_LC1_A24 &  _LC8_A24
         #  input0 &  _LC1_A24 & !_LC3_C13;

-- Node name is '|REG8BIT:2|:25' = '|REG8BIT:2|data_tmp1' 
-- Equation name is '_LC7_A24', type is buried 
_LC7_A24 = DFFE( _EQ011, GLOBAL( b1),  VCC,  VCC,  VCC);
  _EQ011 =  _LC3_C13 &  _LC7_A24
         # !_LC1_A24 &  _LC7_A24
         #  input1 &  _LC1_A24 & !_LC3_C13;

-- Node name is '|REG8BIT:2|:24' = '|REG8BIT:2|data_tmp2' 
-- Equation name is '_LC5_A24', type is buried 
_LC5_A24 = DFFE( _EQ012, GLOBAL( b1),  VCC,  VCC,  VCC);
  _EQ012 =  _LC3_C13 &  _LC5_A24
         # !_LC1_A24 &  _LC5_A24
         #  input2 &  _LC1_A24 & !_LC3_C13;

-- Node name is '|REG8BIT:2|:23' = '|REG8BIT:2|data_tmp3' 
-- Equation name is '_LC4_B10', type is buried 
_LC4_B10 = DFFE( _EQ013, GLOBAL( b1),  VCC,  VCC,  VCC);
  _EQ013 =  _LC3_C13 &  _LC4_B10
         # !_LC1_A24 &  _LC4_B10
         #  input3 &  _LC1_A24 & !_LC3_C13;

-- Node name is '|REG8BIT:2|:22' = '|REG8BIT:2|data_tmp4' 
-- Equation name is '_LC2_C13', type is buried 
_LC2_C13 = DFFE( _EQ014, GLOBAL( b1),  VCC,  VCC,  VCC);
  _EQ014 =  _LC2_C13 &  _LC3_C13
         # !_LC1_A24 &  _LC2_C13
         #  input4 &  _LC1_A24 & !_LC3_C13;

-- Node name is '|REG8BIT:2|:21' = '|REG8BIT:2|data_tmp5' 
-- Equation name is '_LC2_B20', type is buried 
_LC2_B20 = DFFE( _EQ015, GLOBAL( b1),  VCC,  VCC,  VCC);
  _EQ015 =  _LC2_B20 &  _LC3_C13
         # !_LC1_A24 &  _LC2_B20
         #  input5 &  _LC1_A24 & !_LC3_C13;

-- Node name is '|REG8BIT:2|:20' = '|REG8BIT:2|data_tmp6' 
-- Equation name is '_LC7_A4', type is buried 
_LC7_A4  = DFFE( _EQ016, GLOBAL( b1),  VCC,  VCC,  VCC);
  _EQ016 =  _LC3_C13 &  _LC7_A4
         # !_LC1_A24 &  _LC7_A4
         #  input6 &  _LC1_A24 & !_LC3_C13;

-- Node name is '|REG8BIT:2|:19' = '|REG8BIT:2|data_tmp7' 
-- Equation name is '_LC8_A11', type is buried 
_LC8_A11 = DFFE( _EQ017, GLOBAL( b1),  VCC,  VCC,  VCC);
  _EQ017 =  _LC3_C13 &  _LC8_A11
         # !_LC1_A24 &  _LC8_A11
         #  input7 &  _LC1_A24 & !_LC3_C13;

-- Node name is '|REG8BIT:3|:26' = '|REG8BIT:3|data_tmp0' 
-- Equation name is '_LC2_A24', type is buried 
_LC2_A24 = DFFE( _EQ018, GLOBAL( b1),  VCC,  VCC,  VCC);
  _EQ018 =  _LC2_A24 & !_LC3_C13
         #  _LC1_A24 &  _LC2_A24
         #  input0 & !_LC1_A24 &  _LC3_C13;

-- Node name is '|REG8BIT:3|:25' = '|REG8BIT:3|data_tmp1' 
-- Equation name is '_LC1_A5', type is buried 
_LC1_A5  = DFFE( _EQ019, GLOBAL( b1),  VCC,  VCC,  VCC);
  _EQ019 =  _LC1_A5 & !_LC3_C13
         #  _LC1_A5 &  _LC1_A24
         #  input1 & !_LC1_A24 &  _LC3_C13;

-- Node name is '|REG8BIT:3|:24' = '|REG8BIT:3|data_tmp2' 
-- Equation name is '_LC4_A24', type is buried 
_LC4_A24 = DFFE( _EQ020, GLOBAL( b1),  VCC,  VCC,  VCC);
  _EQ020 = !_LC3_C13 &  _LC4_A24
         #  _LC1_A24 &  _LC4_A24
         #  input2 & !_LC1_A24 &  _LC3_C13;

-- Node name is '|REG8BIT:3|:23' = '|REG8BIT:3|data_tmp3' 
-- Equation name is '_LC4_B18', type is buried 
_LC4_B18 = DFFE( _EQ021, GLOBAL( b1),  VCC,  VCC,  VCC);
  _EQ021 = !_LC3_C13 &  _LC4_B18
         #  _LC1_A24 &  _LC4_B18
         #  input3 & !_LC1_A24 &  _LC3_C13;

-- Node name is '|REG8BIT:3|:22' = '|REG8BIT:3|data_tmp4' 
-- Equation name is '_LC1_C13', type is buried 
_LC1_C13 = DFFE( _EQ022, GLOBAL( b1),  VCC,  VCC,  VCC);
  _EQ022 =  _LC1_C13 & !_LC3_C13
         #  _LC1_A24 &  _LC1_C13
         #  input4 & !_LC1_A24 &  _LC3_C13;

-- Node name is '|REG8BIT:3|:21' = '|REG8BIT:3|data_tmp5' 
-- Equation name is '_LC1_B22', type is buried 
_LC1_B22 = DFFE( _EQ023, GLOBAL( b1),  VCC,  VCC,  VCC);
  _EQ023 =  _LC1_B22 & !_LC3_C13
         #  _LC1_A24 &  _LC1_B22
         #  input5 & !_LC1_A24 &  _LC3_C13;

-- Node name is '|REG8BIT:3|:20' = '|REG8BIT:3|data_tmp6' 
-- Equation name is '_LC4_A4', type is buried 
_LC4_A4  = DFFE( _EQ024, GLOBAL( b1),  VCC,  VCC,  VCC);
  _EQ024 = !_LC3_C13 &  _LC4_A4
         #  _LC1_A24 &  _LC4_A4
         #  input6 & !_LC1_A24 &  _LC3_C13;

-- Node name is '|REG8BIT:3|:19' = '|REG8BIT:3|data_tmp7' 
-- Equation name is '_LC5_C13', type is buried 
_LC5_C13 = DFFE( _EQ025, GLOBAL( b1),  VCC,  VCC,  VCC);
  _EQ025 = !_LC3_C13 &  _LC5_C13
         #  _LC1_A24 &  _LC5_C13
         #  input7 & !_LC1_A24 &  _LC3_C13;

-- Node name is '|REG8BIT:4|:26' = '|REG8BIT:4|data_tmp0' 
-- Equation name is '_LC7_C13', type is buried 
_LC7_C13 = DFFE( _EQ026, GLOBAL( b1),  VCC,  VCC,  VCC);
  _EQ026 = !_LC3_C13 &  _LC7_C13
         # !_LC1_A24 &  _LC7_C13
         #  input0 &  _LC1_A24 &  _LC3_C13;

-- Node name is '|REG8BIT:4|:25' = '|REG8BIT:4|data_tmp1' 
-- Equation name is '_LC6_B22', type is buried 
_LC6_B22 = DFFE( _EQ027, GLOBAL( b1),  VCC,  VCC,  VCC);
  _EQ027 = !_LC3_C13 &  _LC6_B22
         # !_LC1_A24 &  _LC6_B22
         #  input1 &  _LC1_A24 &  _LC3_C13;

-- Node name is '|REG8BIT:4|:24' = '|REG8BIT:4|data_tmp2' 
-- Equation name is '_LC4_A8', type is buried 
_LC4_A8  = DFFE( _EQ028, GLOBAL( b1),  VCC,  VCC,  VCC);
  _EQ028 = !_LC3_C13 &  _LC4_A8
         # !_LC1_A24 &  _LC4_A8
         #  input2 &  _LC1_A24 &  _LC3_C13;

-- Node name is '|REG8BIT:4|:23' = '|REG8BIT:4|data_tmp3' 
-- Equation name is '_LC5_B18', type is buried 
_LC5_B18 = DFFE( _EQ029, GLOBAL( b1),  VCC,  VCC,  VCC);
  _EQ029 = !_LC3_C13 &  _LC5_B18
         # !_LC1_A24 &  _LC5_B18
         #  input3 &  _LC1_A24 &  _LC3_C13;

-- Node name is '|REG8BIT:4|:22' = '|REG8BIT:4|data_tmp4' 
-- Equation name is '_LC4_C13', type is buried 
_LC4_C13 = DFFE( _EQ030, GLOBAL( b1),  VCC,  VCC,  VCC);
  _EQ030 = !_LC3_C13 &  _LC4_C13
         # !_LC1_A24 &  _LC4_C13
         #  input4 &  _LC1_A24 &  _LC3_C13;

-- Node name is '|REG8BIT:4|:21' = '|REG8BIT:4|data_tmp5' 
-- Equation name is '_LC5_B22', type is buried 
_LC5_B22 = DFFE( _EQ031, GLOBAL( b1),  VCC,  VCC,  VCC);
  _EQ031 = !_LC3_C13 &  _LC5_B22
         # !_LC1_A24 &  _LC5_B22
         #  input5 &  _LC1_A24 &  _LC3_C13;

-- Node name is '|REG8BIT:4|:20' = '|REG8BIT:4|data_tmp6' 
-- Equation name is '_LC2_A1', type is buried 
_LC2_A1  = DFFE( _EQ032, GLOBAL( b1),  VCC,  VCC,  VCC);
  _EQ032 =  _LC2_A1 & !_LC3_C13
         # !_LC1_A24 &  _LC2_A1
         #  input6 &  _LC1_A24 &  _LC3_C13;

-- Node name is '|REG8BIT:4|:19' = '|REG8BIT:4|data_tmp7' 
-- Equation name is '_LC5_A11', type is buried 
_LC5_A11 = DFFE( _EQ033, GLOBAL( b1),  VCC,  VCC,  VCC);
  _EQ033 = !_LC3_C13 &  _LC5_A11
         # !_LC1_A24 &  _LC5_A11
         #  input7 &  _LC1_A24 &  _LC3_C13;



Project Informationc:\documents and settings\oxf8548\desktop\finalproject\alu.rpt

** COMPILATION SETTINGS & TIMES **

Processing Menu Commands
------------------------

Design Doctor                             = off

Logic Synthesis:

   Synthesis Type Used                    = Multi-Level

   Default Synthesis Style                = NORMAL

      Logic option settings in 'NORMAL' style for 'FLEX10K' family

      CARRY_CHAIN                         = ignore
      CARRY_CHAIN_LENGTH                  = 32
      CASCADE_CHAIN                       = ignore
      CASCADE_CHAIN_LENGTH                = 2
      DECOMPOSE_GATES                     = on
      DUPLICATE_LOGIC_EXTRACTION          = on
      MINIMIZATION                        = full
      MULTI_LEVEL_FACTORING               = on
      NOT_GATE_PUSH_BACK                  = on
      REDUCE_LOGIC                        = on
      REFACTORIZATION                     = on
      REGISTER_OPTIMIZATION               = on
      RESYNTHESIZE_NETWORK                = on
      SLOW_SLEW_RATE                      = off
      SUBFACTOR_EXTRACTION                = on
      IGNORE_SOFT_BUFFERS                 = on
      USE_LPM_FOR_AHDL_OPERATORS          = off

   Other logic synthesis settings:

      Automatic Global Clock              = on
      Automatic Global Clear              = on
      Automatic Global Preset             = on
      Automatic Global Output Enable      = on
      Automatic Fast I/O                  = off
      Automatic Register Packing          = off
      Automatic Open-Drain Pins           = on
      Automatic Implement in EAB          = off
      Optimize                            = 5

Default Timing Specifications: None

Cut All Bidir Feedback Timing Paths       = on
Cut All Clear & Preset Timing Paths       = on

Ignore Timing Assignments                 = off

Functional SNF Extractor                  = off

Linked SNF Extractor                      = off
Timing SNF Extractor                      = on
Optimize Timing SNF                       = off
Generate AHDL TDO File                    = off
Fitter Settings                           = NORMAL
Use Quartus Fitter                        = on
Smart Recompile                           = off
Total Recompile                           = off

Interfaces Menu Commands
------------------------

EDIF Netlist Writer                       = off
Verilog Netlist Writer                    = off
VHDL Netlist Writer                       = off

Compilation Times
-----------------

   Compiler Netlist Extractor             00:00:00
   Database Builder                       00:00:00
   Logic Synthesizer                      00:00:01
   Partitioner                            00:00:00
   Fitter                                 00:00:04
   Timing SNF Extractor                   00:00:00
   Assembler                              00:00:01
   --------------------------             --------
   Total Time                             00:00:06


Memory Allocated
-----------------

Peak memory allocated during compilation  = 21,624K
